2022-10-06 19:56:40,534 - WARNING - erro do regex do placa - https://www2.detran.rn.gov.br/SharedASP/grdMulta.asp?NossoNumero=999999996329562022-10-06 19:59:19,103 - INFO - sem resultado para o valor - 99999999632617 - https://www2.detran.rn.gov.br/SharedASP/grdMulta.asp?NossoNumero=999999996326182022-10-06 20:01:07,635 - WARNING - erro do regex do placa - https://www2.detran.rn.gov.br/SharedASP/grdMulta.asp?NossoNumero=99999999632309
2022-10-06 20:01:07,937 - WARNING - erro do regex do placa - https://www2.detran.rn.gov.br/SharedASP/grdMulta.asp?NossoNumero=99999999632308
2022-10-06 20:01:41,819 - WARNING - erro do regex do placa - https://www2.detran.rn.gov.br/SharedASP/grdMulta.asp?NossoNumero=99999999632204
2022-10-06 20:04:34,427 - WARNING - erro do regex do placa - https://www2.detran.rn.gov.br/SharedASP/grdMulta.asp?NossoNumero=99999999631784
2022-10-06 20:04:48,874 - WARNING - erro do regex do placa - https://www2.detran.rn.gov.br/SharedASP/grdMulta.asp?NossoNumero=99999999631741
2022-10-06 20:05:16,578 - WARNING - erro do regex do placa - https://www2.detran.rn.gov.br/SharedASP/grdMulta.asp?NossoNumero=99999999631682
2022-10-06 20:05:16,904 - WARNING - erro do regex do placa - https://www2.detran.rn.gov.br/SharedASP/grdMulta.asp?NossoNumero=99999999631681
2022-10-06 20:05:55,492 - WARNING - erro do regex do placa - https://www2.detran.rn.gov.br/SharedASP/grdMulta.asp?NossoNumero=99999999631620
2022-10-06 20:06:21,308 - WARNING - erro do regex do placa - https://www2.detran.rn.gov.br/SharedASP/grdMulta.asp?NossoNumero=99999999631547
2022-10-06 20:06:26,702 - WARNING - erro do regex do placa - https://www2.detran.rn.gov.br/SharedASP/grdMulta.asp?NossoNumero=99999999631532
2022-10-06 20:08:12,813 - WARNING - erro do regex do placa - https://www2.detran.rn.gov.br/SharedASP/grdMulta.asp?NossoNumero=99999999631248
2022-10-06 20:08:26,209 - WARNING - erro do regex do placa - https://www2.detran.rn.gov.br/SharedASP/grdMulta.asp?NossoNumero=99999999631224
2022-10-06 20:08:59,201 - WARNING - erro do regex do placa - https://www2.detran.rn.gov.br/SharedASP/grdMulta.asp?NossoNumero=99999999631138
2022-10-06 20:08:59,494 - WARNING - erro do regex do placa - https://www2.detran.rn.gov.br/SharedASP/grdMulta.asp?NossoNumero=99999999631137
2022-10-06 20:09:28,733 - WARNING - erro do regex do placa - https://www2.detran.rn.gov.br/SharedASP/grdMulta.asp?NossoNumero=99999999631052
2022-10-06 20:09:55,432 - WARNING - erro do regex do placa - https://www2.detran.rn.gov.br/SharedASP/grdMulta.asp?NossoNumero=99999999630986
2022-10-06 20:11:33,467 - WARNING - erro do regex do placa - https://www2.detran.rn.gov.br/SharedASP/grdMulta.asp?NossoNumero=99999999630725
2022-10-06 20:12:20,316 - WARNING - erro do regex do placa - https://www2.detran.rn.gov.br/SharedASP/grdMulta.asp?NossoNumero=99999999630594
2022-10-06 20:12:43,303 - WARNING - erro do regex do placa - https://www2.detran.rn.gov.br/SharedASP/grdMulta.asp?NossoNumero=99999999630526
2022-10-06 20:13:11,863 - WARNING - erro do regex do placa - https://www2.detran.rn.gov.br/SharedASP/grdMulta.asp?NossoNumero=99999999630436
2022-10-06 20:14:11,273 - WARNING - erro do regex do placa - https://www2.detran.rn.gov.br/SharedASP/grdMulta.asp?NossoNumero=99999999630270
2022-10-06 20:14:11,274 - WARNING - erro do regex do modelo - https://www2.detran.rn.gov.br/SharedASP/grdMulta.asp?NossoNumero=99999999630270
2022-10-06 20:14:11,586 - WARNING - erro do regex do placa - https://www2.detran.rn.gov.br/SharedASP/grdMulta.asp?NossoNumero=99999999630269
2022-10-06 20:14:11,587 - WARNING - erro do regex do modelo - https://www2.detran.rn.gov.br/SharedASP/grdMulta.asp?NossoNumero=99999999630269
2022-10-06 20:14:34,942 - WARNING - erro do regex do placa - https://www2.detran.rn.gov.br/SharedASP/grdMulta.asp?NossoNumero=99999999630203
2022-10-06 20:15:07,561 - WARNING - erro do regex do placa - https://www2.detran.rn.gov.br/SharedASP/grdMulta.asp?NossoNumero=99999999630112
2022-10-06 20:15:49,314 - WARNING - erro do regex do placa - https://www2.detran.rn.gov.br/SharedASP/grdMulta.asp?NossoNumero=99999999630008
2022-10-06 20:15:59,393 - WARNING - erro do regex do placa - https://www2.detran.rn.gov.br/SharedASP/grdMulta.asp?NossoNumero=99999999629976
2022-10-06 20:15:59,393 - WARNING - erro do regex do modelo - https://www2.detran.rn.gov.br/SharedASP/grdMulta.asp?NossoNumero=99999999629976
2022-10-06 20:15:59,706 - WARNING - erro do regex do placa - https://www2.detran.rn.gov.br/SharedASP/grdMulta.asp?NossoNumero=99999999629975
2022-10-06 20:15:59,707 - WARNING - erro do regex do modelo - https://www2.detran.rn.gov.br/SharedASP/grdMulta.asp?NossoNumero=99999999629975
2022-10-06 20:16:00,039 - WARNING - erro do regex do placa - https://www2.detran.rn.gov.br/SharedASP/grdMulta.asp?NossoNumero=99999999629974
2022-10-06 20:16:00,040 - WARNING - erro do regex do modelo - https://www2.detran.rn.gov.br/SharedASP/grdMulta.asp?NossoNumero=99999999629974
2022-10-06 20:17:27,300 - WARNING - erro do regex do placa - https://www2.detran.rn.gov.br/SharedASP/grdMulta.asp?NossoNumero=99999999629730
2022-10-06 20:17:43,269 - WARNING - erro do regex do placa - https://www2.detran.rn.gov.br/SharedASP/grdMulta.asp?NossoNumero=99999999629678
2022-10-06 20:18:09,919 - WARNING - erro do regex do placa - https://www2.detran.rn.gov.br/SharedASP/grdMulta.asp?NossoNumero=99999999629611
2022-10-06 20:18:26,954 - WARNING - erro do regex do placa - https://www2.detran.rn.gov.br/SharedASP/grdMulta.asp?NossoNumero=99999999629572
2022-10-06 20:18:45,550 - WARNING - erro do regex do placa - https://www2.detran.rn.gov.br/SharedASP/grdMulta.asp?NossoNumero=99999999629525
2022-10-06 20:23:41,996 - WARNING - erro do regex do placa - https://www2.detran.rn.gov.br/SharedASP/grdMulta.asp?NossoNumero=99999999628729
2022-10-06 20:24:45,292 - WARNING - erro do regex do placa - https://www2.detran.rn.gov.br/SharedASP/grdMulta.asp?NossoNumero=99999999628544
2022-10-06 20:25:09,865 - WARNING - erro do regex do placa - https://www2.detran.rn.gov.br/SharedASP/grdMulta.asp?NossoNumero=99999999628500
2022-10-06 20:29:13,700 - WARNING - erro do regex do placa - https://www2.detran.rn.gov.br/SharedASP/grdMulta.asp?NossoNumero=99999999627849
2022-10-06 20:29:22,999 - WARNING - erro do regex do placa - https://www2.detran.rn.gov.br/SharedASP/grdMulta.asp?NossoNumero=99999999627818
2022-10-06 20:56:32,297 - WARNING - erro do regex do placa - https://www2.detran.rn.gov.br/SharedASP/grdMulta.asp?NossoNumero=99999999623486
2022-10-06 20:57:48,391 - WARNING - problema com o servidor do detran, requisição não deu certo. https://www2.detran.rn.gov.br/SharedASP/grdMulta.asp?NossoNumero=99999999623352
2022-10-06 20:58:34,863 - WARNING - erro do regex do placa - https://www2.detran.rn.gov.br/SharedASP/grdMulta.asp?NossoNumero=99999999623243
2022-10-06 21:04:34,179 - WARNING - erro do regex do placa - https://www2.detran.rn.gov.br/SharedASP/grdMulta.asp?NossoNumero=99999999622263
2022-10-06 21:07:22,014 - WARNING - problema com o servidor do detran, requisição não deu certo. https://www2.detran.rn.gov.br/SharedASP/grdMulta.asp?NossoNumero=99999999621905
2022-10-06 21:19:03,031 - WARNING - erro do regex do placa - https://www2.detran.rn.gov.br/SharedASP/grdMulta.asp?NossoNumero=99999999620218
2022-10-06 21:19:17,833 - WARNING - erro do regex do placa - https://www2.detran.rn.gov.br/SharedASP/grdMulta.asp?NossoNumero=99999999620174
2022-10-06 21:19:36,390 - WARNING - erro do regex do placa - https://www2.detran.rn.gov.br/SharedASP/grdMulta.asp?NossoNumero=99999999620115
2022-10-06 21:20:02,115 - WARNING - erro do regex do placa - https://www2.detran.rn.gov.br/SharedASP/grdMulta.asp?NossoNumero=99999999620044
2022-10-06 21:20:02,402 - WARNING - erro do regex do placa - https://www2.detran.rn.gov.br/SharedASP/grdMulta.asp?NossoNumero=99999999620043
2022-10-06 21:20:02,692 - WARNING - erro do regex do placa - https://www2.detran.rn.gov.br/SharedASP/grdMulta.asp?NossoNumero=99999999620042
2022-10-06 21:20:02,983 - WARNING - erro do regex do placa - https://www2.detran.rn.gov.br/SharedASP/grdMulta.asp?NossoNumero=99999999620041
2022-10-06 21:21:28,808 - WARNING - erro do regex do placa - https://www2.detran.rn.gov.br/SharedASP/grdMulta.asp?NossoNumero=99999999619817
2022-10-06 21:21:45,024 - WARNING - erro do regex do placa - https://www2.detran.rn.gov.br/SharedASP/grdMulta.asp?NossoNumero=99999999619774
2022-10-06 22:01:45,204 - WARNING - erro do regex do placa - https://www2.detran.rn.gov.br/SharedASP/grdMulta.asp?NossoNumero=99999999619508
2022-10-06 22:02:18,466 - WARNING - erro do regex do placa - https://www2.detran.rn.gov.br/SharedASP/grdMulta.asp?NossoNumero=99999999619417
2022-10-06 22:07:05,521 - WARNING - erro do regex do placa - https://www2.detran.rn.gov.br/SharedASP/grdMulta.asp?NossoNumero=99999999618821
2022-10-06 22:13:40,570 - WARNING - erro do regex do placa - https://www2.detran.rn.gov.br/SharedASP/grdMulta.asp?NossoNumero=99999999617871
2022-10-06 22:14:10,325 - WARNING - erro do regex do placa - https://www2.detran.rn.gov.br/SharedASP/grdMulta.asp?NossoNumero=99999999617801
2022-10-06 22:14:34,597 - WARNING - erro do regex do placa - https://www2.detran.rn.gov.br/SharedASP/grdMulta.asp?NossoNumero=99999999617755
2022-10-06 22:19:08,097 - WARNING - erro do regex do placa - https://www2.detran.rn.gov.br/SharedASP/grdMulta.asp?NossoNumero=99999999617044
2022-10-06 22:20:27,600 - WARNING - erro do regex do placa - https://www2.detran.rn.gov.br/SharedASP/grdMulta.asp?NossoNumero=99999999616864
2022-10-06 22:23:38,501 - WARNING - erro do regex do placa - https://www2.detran.rn.gov.br/SharedASP/grdMulta.asp?NossoNumero=99999999616441
2022-10-06 22:28:51,952 - WARNING - erro do regex do placa - https://www2.detran.rn.gov.br/SharedASP/grdMulta.asp?NossoNumero=99999999615610
2022-10-06 22:40:05,202 - WARNING - erro do regex do placa - https://www2.detran.rn.gov.br/SharedASP/grdMulta.asp?NossoNumero=99999999613863
2022-10-06 22:40:05,202 - WARNING - erro do regex do modelo - https://www2.detran.rn.gov.br/SharedASP/grdMulta.asp?NossoNumero=99999999613863
2022-10-06 23:04:44,086 - WARNING - problema com o servidor do detran, requisição não deu certo. https://www2.detran.rn.gov.br/SharedASP/grdMulta.asp?NossoNumero=99999999609991
2022-10-08 00:16:47,131 - WARNING - erro do regex do placa - https://www2.detran.rn.gov.br/SharedASP/grdMulta.asp?NossoNumero=99999999609287
2022-10-08 00:16:47,135 - WARNING - erro do regex do modelo - https://www2.detran.rn.gov.br/SharedASP/grdMulta.asp?NossoNumero=99999999609287
2022-10-08 00:16:47,153 - WARNING - erro do regex do placa - https://www2.detran.rn.gov.br/SharedASP/grdMulta.asp?NossoNumero=99999999609287
2022-10-08 00:16:47,154 - WARNING - erro do regex do modelo - https://www2.detran.rn.gov.br/SharedASP/grdMulta.asp?NossoNumero=99999999609287
2022-10-08 00:16:48,066 - WARNING - erro do regex do placa - https://www2.detran.rn.gov.br/SharedASP/grdMulta.asp?NossoNumero=99999999609287
2022-10-08 00:16:48,067 - WARNING - erro do regex do modelo - https://www2.detran.rn.gov.br/SharedASP/grdMulta.asp?NossoNumero=99999999609287
2022-10-08 00:16:50,056 - WARNING - erro do regex do placa - https://www2.detran.rn.gov.br/SharedASP/grdMulta.asp?NossoNumero=99999999609287
2022-10-08 00:16:50,057 - WARNING - erro do regex do modelo - https://www2.detran.rn.gov.br/SharedASP/grdMulta.asp?NossoNumero=99999999609287
2022-10-08 00:16:50,268 - WARNING - erro do regex do placa - https://www2.detran.rn.gov.br/SharedASP/grdMulta.asp?NossoNumero=99999999609287
2022-10-08 00:16:50,269 - WARNING - erro do regex do modelo - https://www2.detran.rn.gov.br/SharedASP/grdMulta.asp?NossoNumero=99999999609287
2022-10-08 00:16:50,724 - WARNING - erro do regex do placa - https://www2.detran.rn.gov.br/SharedASP/grdMulta.asp?NossoNumero=99999999609287
2022-10-08 00:16:50,724 - WARNING - erro do regex do modelo - https://www2.detran.rn.gov.br/SharedASP/grdMulta.asp?NossoNumero=99999999609287
2022-10-10 22:35:43,233 - WARNING - problema com o servidor do detran, requisição não deu certo. https://www2.detran.rn.gov.br/SharedASP/grdMulta.asp?NossoNumero=99999999598038
2022-10-10 22:35:48,252 - WARNING - problema com o servidor do detran, requisição não deu certo. https://www2.detran.rn.gov.br/SharedASP/grdMulta.asp?NossoNumero=99999999598038
2022-10-10 22:35:53,272 - WARNING - problema com o servidor do detran, requisição não deu certo. https://www2.detran.rn.gov.br/SharedASP/grdMulta.asp?NossoNumero=99999999598038
2022-10-10 22:35:58,293 - WARNING - problema com o servidor do detran, requisição não deu certo. https://www2.detran.rn.gov.br/SharedASP/grdMulta.asp?NossoNumero=99999999598038
2022-10-10 22:36:03,313 - WARNING - problema com o servidor do detran, requisição não deu certo. https://www2.detran.rn.gov.br/SharedASP/grdMulta.asp?NossoNumero=99999999598038
2022-10-10 22:36:08,320 - WARNING - problema com o servidor do detran, requisição não deu certo. https://www2.detran.rn.gov.br/SharedASP/grdMulta.asp?NossoNumero=99999999598038
2022-10-10 22:48:51,702 - WARNING - erro do regex do placa - https://www2.detran.rn.gov.br/SharedASP/grdMulta.asp?NossoNumero=99999999596140
2022-10-10 22:48:51,703 - WARNING - erro do regex do modelo - https://www2.detran.rn.gov.br/SharedASP/grdMulta.asp?NossoNumero=99999999596140
2022-10-12 23:06:03,671 - WARNING - erro do regex do placa - https://www2.detran.rn.gov.br/SharedASP/grdMulta.asp?NossoNumero=99999999593128
2022-10-12 23:06:03,675 - WARNING - erro do regex do modelo - https://www2.detran.rn.gov.br/SharedASP/grdMulta.asp?NossoNumero=99999999593128
2022-10-13 20:00:36,151 - WARNING - erro do regex do placa - https://www2.detran.rn.gov.br/SharedASP/grdMulta.asp?NossoNumero=49999999794925
2022-10-13 20:01:01,460 - WARNING - erro do regex do placa - https://www2.detran.rn.gov.br/SharedASP/grdMulta.asp?NossoNumero=49999999794836
2022-10-13 20:01:01,700 - WARNING - erro do regex do placa - https://www2.detran.rn.gov.br/SharedASP/grdMulta.asp?NossoNumero=49999999794835
2022-10-13 20:01:13,845 - WARNING - erro do regex do placa - https://www2.detran.rn.gov.br/SharedASP/grdMulta.asp?NossoNumero=49999999794784
2022-10-13 20:01:14,072 - WARNING - erro do regex do placa - https://www2.detran.rn.gov.br/SharedASP/grdMulta.asp?NossoNumero=49999999794783
2022-10-13 20:01:14,290 - WARNING - erro do regex do placa - https://www2.detran.rn.gov.br/SharedASP/grdMulta.asp?NossoNumero=49999999794782
2022-10-13 20:01:38,110 - WARNING - erro do regex do placa - https://www2.detran.rn.gov.br/SharedASP/grdMulta.asp?NossoNumero=49999999794715
2022-10-13 20:02:24,713 - WARNING - erro do regex do placa - https://www2.detran.rn.gov.br/SharedASP/grdMulta.asp?NossoNumero=49999999794574
2022-10-13 20:02:30,032 - WARNING - erro do regex do placa - https://www2.detran.rn.gov.br/SharedASP/grdMulta.asp?NossoNumero=49999999794554
2022-10-13 20:03:01,438 - WARNING - erro do regex do placa - https://www2.detran.rn.gov.br/SharedASP/grdMulta.asp?NossoNumero=49999999794487
2022-10-13 20:03:01,691 - WARNING - erro do regex do placa - https://www2.detran.rn.gov.br/SharedASP/grdMulta.asp?NossoNumero=49999999794486
2022-10-13 20:03:01,910 - WARNING - erro do regex do placa - https://www2.detran.rn.gov.br/SharedASP/grdMulta.asp?NossoNumero=49999999794485
2022-10-13 20:03:02,332 - WARNING - erro do regex do placa - https://www2.detran.rn.gov.br/SharedASP/grdMulta.asp?NossoNumero=49999999794483
2022-10-13 20:03:03,279 - WARNING - erro do regex do placa - https://www2.detran.rn.gov.br/SharedASP/grdMulta.asp?NossoNumero=49999999794478
2022-10-13 20:03:06,239 - WARNING - erro do regex do placa - https://www2.detran.rn.gov.br/SharedASP/grdMulta.asp?NossoNumero=49999999794465
2022-10-13 20:03:26,313 - WARNING - erro do regex do placa - https://www2.detran.rn.gov.br/SharedASP/grdMulta.asp?NossoNumero=49999999794388
2022-10-13 20:03:26,577 - WARNING - erro do regex do placa - https://www2.detran.rn.gov.br/SharedASP/grdMulta.asp?NossoNumero=49999999794387
2022-10-13 20:03:34,910 - WARNING - erro do regex do placa - https://www2.detran.rn.gov.br/SharedASP/grdMulta.asp?NossoNumero=49999999794366
2022-10-13 20:03:46,420 - WARNING - erro do regex do placa - https://www2.detran.rn.gov.br/SharedASP/grdMulta.asp?NossoNumero=49999999794342
2022-10-13 20:03:49,530 - WARNING - erro do regex do placa - https://www2.detran.rn.gov.br/SharedASP/grdMulta.asp?NossoNumero=49999999794335
2022-10-13 20:03:52,991 - WARNING - erro do regex do placa - https://www2.detran.rn.gov.br/SharedASP/grdMulta.asp?NossoNumero=49999999794326
2022-10-13 20:03:59,525 - WARNING - erro do regex do placa - https://www2.detran.rn.gov.br/SharedASP/grdMulta.asp?NossoNumero=49999999794312
2022-10-13 20:04:05,557 - WARNING - erro do regex do placa - https://www2.detran.rn.gov.br/SharedASP/grdMulta.asp?NossoNumero=49999999794297
2022-10-13 20:04:09,097 - WARNING - erro do regex do placa - https://www2.detran.rn.gov.br/SharedASP/grdMulta.asp?NossoNumero=49999999794287
2022-10-13 20:04:09,396 - WARNING - erro do regex do placa - https://www2.detran.rn.gov.br/SharedASP/grdMulta.asp?NossoNumero=49999999794286
2022-10-13 20:04:13,458 - WARNING - erro do regex do placa - https://www2.detran.rn.gov.br/SharedASP/grdMulta.asp?NossoNumero=49999999794274
2022-10-13 20:04:23,207 - WARNING - erro do regex do placa - https://www2.detran.rn.gov.br/SharedASP/grdMulta.asp?NossoNumero=49999999794253
2022-10-13 20:04:24,450 - WARNING - erro do regex do placa - https://www2.detran.rn.gov.br/SharedASP/grdMulta.asp?NossoNumero=49999999794250
2022-10-13 20:04:31,512 - WARNING - erro do regex do placa - https://www2.detran.rn.gov.br/SharedASP/grdMulta.asp?NossoNumero=49999999794232
2022-10-13 20:04:34,016 - WARNING - erro do regex do placa - https://www2.detran.rn.gov.br/SharedASP/grdMulta.asp?NossoNumero=49999999794225
2022-10-13 20:04:36,212 - WARNING - erro do regex do placa - https://www2.detran.rn.gov.br/SharedASP/grdMulta.asp?NossoNumero=49999999794220
2022-10-13 20:04:48,058 - WARNING - erro do regex do placa - https://www2.detran.rn.gov.br/SharedASP/grdMulta.asp?NossoNumero=49999999794195
2022-10-13 20:05:12,804 - WARNING - erro do regex do placa - https://www2.detran.rn.gov.br/SharedASP/grdMulta.asp?NossoNumero=49999999794137
2022-10-13 20:05:44,940 - WARNING - erro do regex do placa - https://www2.detran.rn.gov.br/SharedASP/grdMulta.asp?NossoNumero=49999999794067
2022-10-13 20:05:49,465 - WARNING - erro do regex do placa - https://www2.detran.rn.gov.br/SharedASP/grdMulta.asp?NossoNumero=49999999794057
2022-10-13 20:06:06,778 - WARNING - erro do regex do placa - https://www2.detran.rn.gov.br/SharedASP/grdMulta.asp?NossoNumero=49999999794019
2022-10-13 20:06:08,495 - WARNING - erro do regex do placa - https://www2.detran.rn.gov.br/SharedASP/grdMulta.asp?NossoNumero=49999999794015
2022-10-13 20:06:19,138 - WARNING - erro do regex do placa - https://www2.detran.rn.gov.br/SharedASP/grdMulta.asp?NossoNumero=49999999793988
2022-10-13 20:06:20,606 - WARNING - erro do regex do placa - https://www2.detran.rn.gov.br/SharedASP/grdMulta.asp?NossoNumero=49999999793984
2022-10-13 20:06:33,370 - WARNING - erro do regex do placa - https://www2.detran.rn.gov.br/SharedASP/grdMulta.asp?NossoNumero=49999999793952
2022-10-13 20:06:37,923 - WARNING - erro do regex do placa - https://www2.detran.rn.gov.br/SharedASP/grdMulta.asp?NossoNumero=49999999793941
2022-10-13 20:06:49,044 - WARNING - erro do regex do placa - https://www2.detran.rn.gov.br/SharedASP/grdMulta.asp?NossoNumero=49999999793914
2022-10-13 20:06:49,394 - WARNING - erro do regex do placa - https://www2.detran.rn.gov.br/SharedASP/grdMulta.asp?NossoNumero=49999999793913
2022-10-13 20:06:53,761 - WARNING - erro do regex do placa - https://www2.detran.rn.gov.br/SharedASP/grdMulta.asp?NossoNumero=49999999793902
2022-10-13 20:07:13,498 - WARNING - erro do regex do placa - https://www2.detran.rn.gov.br/SharedASP/grdMulta.asp?NossoNumero=49999999793858
2022-10-13 20:07:28,294 - WARNING - erro do regex do placa - https://www2.detran.rn.gov.br/SharedASP/grdMulta.asp?NossoNumero=49999999793822
2022-10-13 20:07:30,712 - WARNING - erro do regex do placa - https://www2.detran.rn.gov.br/SharedASP/grdMulta.asp?NossoNumero=49999999793816
2022-10-13 20:07:39,215 - WARNING - erro do regex do placa - https://www2.detran.rn.gov.br/SharedASP/grdMulta.asp?NossoNumero=49999999793795
2022-10-13 20:07:53,415 - WARNING - erro do regex do placa - https://www2.detran.rn.gov.br/SharedASP/grdMulta.asp?NossoNumero=49999999793758
2022-10-13 20:07:56,527 - WARNING - erro do regex do placa - https://www2.detran.rn.gov.br/SharedASP/grdMulta.asp?NossoNumero=49999999793750
2022-10-13 20:07:56,908 - WARNING - erro do regex do placa - https://www2.detran.rn.gov.br/SharedASP/grdMulta.asp?NossoNumero=49999999793749
2022-10-13 20:08:22,916 - WARNING - erro do regex do placa - https://www2.detran.rn.gov.br/SharedASP/grdMulta.asp?NossoNumero=49999999793688
2022-10-13 20:08:28,405 - WARNING - erro do regex do placa - https://www2.detran.rn.gov.br/SharedASP/grdMulta.asp?NossoNumero=49999999793674
2022-10-13 20:08:41,251 - WARNING - erro do regex do placa - https://www2.detran.rn.gov.br/SharedASP/grdMulta.asp?NossoNumero=49999999793643
2022-10-13 20:08:41,618 - WARNING - erro do regex do placa - https://www2.detran.rn.gov.br/SharedASP/grdMulta.asp?NossoNumero=49999999793642
2022-10-13 20:08:50,905 - WARNING - erro do regex do placa - https://www2.detran.rn.gov.br/SharedASP/grdMulta.asp?NossoNumero=49999999793622
2022-10-13 20:08:52,918 - WARNING - erro do regex do placa - https://www2.detran.rn.gov.br/SharedASP/grdMulta.asp?NossoNumero=49999999793618
2022-10-13 20:08:56,229 - WARNING - erro do regex do placa - https://www2.detran.rn.gov.br/SharedASP/grdMulta.asp?NossoNumero=49999999793610
2022-10-13 20:08:56,230 - WARNING - erro do regex do modelo - https://www2.detran.rn.gov.br/SharedASP/grdMulta.asp?NossoNumero=49999999793610
2022-10-13 20:09:02,901 - WARNING - erro do regex do placa - https://www2.detran.rn.gov.br/SharedASP/grdMulta.asp?NossoNumero=49999999793595
2022-10-13 20:09:30,696 - WARNING - erro do regex do placa - https://www2.detran.rn.gov.br/SharedASP/grdMulta.asp?NossoNumero=49999999793543
2022-10-13 20:09:31,078 - WARNING - erro do regex do placa - https://www2.detran.rn.gov.br/SharedASP/grdMulta.asp?NossoNumero=49999999793542
2022-10-13 20:09:31,517 - WARNING - erro do regex do placa - https://www2.detran.rn.gov.br/SharedASP/grdMulta.asp?NossoNumero=49999999793541
2022-10-13 20:09:31,867 - WARNING - erro do regex do placa - https://www2.detran.rn.gov.br/SharedASP/grdMulta.asp?NossoNumero=49999999793540
2022-10-13 20:09:42,119 - WARNING - erro do regex do placa - https://www2.detran.rn.gov.br/SharedASP/grdMulta.asp?NossoNumero=49999999793515
2022-10-13 20:09:53,960 - WARNING - erro do regex do placa - https://www2.detran.rn.gov.br/SharedASP/grdMulta.asp?NossoNumero=49999999793489
2022-10-13 20:09:56,827 - WARNING - erro do regex do placa - https://www2.detran.rn.gov.br/SharedASP/grdMulta.asp?NossoNumero=49999999793483
2022-10-13 20:09:59,133 - WARNING - erro do regex do placa - https://www2.detran.rn.gov.br/SharedASP/grdMulta.asp?NossoNumero=49999999793479
2022-10-13 20:10:11,107 - WARNING - erro do regex do placa - https://www2.detran.rn.gov.br/SharedASP/grdMulta.asp?NossoNumero=49999999793453
2022-10-13 20:10:12,361 - WARNING - erro do regex do placa - https://www2.detran.rn.gov.br/SharedASP/grdMulta.asp?NossoNumero=49999999793450
2022-10-13 20:10:19,829 - WARNING - erro do regex do placa - https://www2.detran.rn.gov.br/SharedASP/grdMulta.asp?NossoNumero=49999999793435
2022-10-13 20:10:40,129 - WARNING - erro do regex do placa - https://www2.detran.rn.gov.br/SharedASP/grdMulta.asp?NossoNumero=49999999793384
2022-10-13 20:10:58,338 - WARNING - erro do regex do placa - https://www2.detran.rn.gov.br/SharedASP/grdMulta.asp?NossoNumero=49999999793331
2022-10-13 20:11:00,562 - WARNING - erro do regex do placa - https://www2.detran.rn.gov.br/SharedASP/grdMulta.asp?NossoNumero=49999999793326
2022-10-13 20:11:49,702 - WARNING - erro do regex do placa - https://www2.detran.rn.gov.br/SharedASP/grdMulta.asp?NossoNumero=49999999793199
2022-10-13 20:11:49,948 - WARNING - erro do regex do placa - https://www2.detran.rn.gov.br/SharedASP/grdMulta.asp?NossoNumero=49999999793198
2022-10-13 20:12:00,332 - WARNING - erro do regex do placa - https://www2.detran.rn.gov.br/SharedASP/grdMulta.asp?NossoNumero=49999999793169
2022-10-13 20:12:08,046 - WARNING - erro do regex do placa - https://www2.detran.rn.gov.br/SharedASP/grdMulta.asp?NossoNumero=49999999793153
2022-10-13 20:12:08,300 - WARNING - erro do regex do placa - https://www2.detran.rn.gov.br/SharedASP/grdMulta.asp?NossoNumero=49999999793152
2022-10-13 20:12:21,347 - WARNING - erro do regex do placa - https://www2.detran.rn.gov.br/SharedASP/grdMulta.asp?NossoNumero=49999999793114
2022-10-13 20:12:22,403 - WARNING - erro do regex do placa - https://www2.detran.rn.gov.br/SharedASP/grdMulta.asp?NossoNumero=49999999793111
2022-10-13 20:12:22,403 - WARNING - erro do regex do modelo - https://www2.detran.rn.gov.br/SharedASP/grdMulta.asp?NossoNumero=49999999793111
2022-10-13 20:12:28,659 - WARNING - erro do regex do placa - https://www2.detran.rn.gov.br/SharedASP/grdMulta.asp?NossoNumero=49999999793093
2022-10-13 20:12:37,258 - WARNING - erro do regex do placa - https://www2.detran.rn.gov.br/SharedASP/grdMulta.asp?NossoNumero=49999999793066
2022-10-13 20:12:37,258 - WARNING - erro do regex do modelo - https://www2.detran.rn.gov.br/SharedASP/grdMulta.asp?NossoNumero=49999999793066
2022-10-13 20:13:00,878 - WARNING - erro do regex do placa - https://www2.detran.rn.gov.br/SharedASP/grdMulta.asp?NossoNumero=49999999792995
2022-10-13 20:13:47,354 - WARNING - erro do regex do placa - https://www2.detran.rn.gov.br/SharedASP/grdMulta.asp?NossoNumero=49999999792854
2022-10-13 20:13:47,669 - WARNING - erro do regex do placa - https://www2.detran.rn.gov.br/SharedASP/grdMulta.asp?NossoNumero=49999999792853
2022-10-13 20:14:01,234 - WARNING - erro do regex do placa - https://www2.detran.rn.gov.br/SharedASP/grdMulta.asp?NossoNumero=49999999792815
2022-10-13 20:14:12,961 - WARNING - erro do regex do placa - https://www2.detran.rn.gov.br/SharedASP/grdMulta.asp?NossoNumero=49999999792782
2022-10-13 20:14:23,120 - WARNING - erro do regex do placa - https://www2.detran.rn.gov.br/SharedASP/grdMulta.asp?NossoNumero=49999999792752
2022-10-13 20:14:23,473 - WARNING - erro do regex do placa - https://www2.detran.rn.gov.br/SharedASP/grdMulta.asp?NossoNumero=49999999792751
2022-10-13 20:14:27,894 - WARNING - erro do regex do placa - https://www2.detran.rn.gov.br/SharedASP/grdMulta.asp?NossoNumero=49999999792741
2022-10-13 20:30:22,397 - WARNING - erro do regex do placa - https://www2.detran.rn.gov.br/SharedASP/grdMulta.asp?NossoNumero=49999999789917
2022-10-13 20:31:13,645 - WARNING - erro do regex do placa - https://www2.detran.rn.gov.br/SharedASP/grdMulta.asp?NossoNumero=49999999789766
2022-10-13 20:31:23,933 - WARNING - erro do regex do placa - https://www2.detran.rn.gov.br/SharedASP/grdMulta.asp?NossoNumero=49999999789733
2022-10-13 20:31:29,085 - WARNING - erro do regex do placa - https://www2.detran.rn.gov.br/SharedASP/grdMulta.asp?NossoNumero=49999999789726
2022-10-13 20:31:49,517 - WARNING - erro do regex do placa - https://www2.detran.rn.gov.br/SharedASP/grdMulta.asp?NossoNumero=49999999789668
2022-10-13 20:31:50,111 - WARNING - erro do regex do placa - https://www2.detran.rn.gov.br/SharedASP/grdMulta.asp?NossoNumero=49999999789666
2022-10-13 20:32:50,518 - WARNING - erro do regex do placa - https://www2.detran.rn.gov.br/SharedASP/grdMulta.asp?NossoNumero=49999999789484
2022-10-13 20:32:51,215 - WARNING - erro do regex do placa - https://www2.detran.rn.gov.br/SharedASP/grdMulta.asp?NossoNumero=49999999789482
2022-10-13 20:32:53,372 - WARNING - erro do regex do placa - https://www2.detran.rn.gov.br/SharedASP/grdMulta.asp?NossoNumero=49999999789475
2022-10-13 20:32:53,685 - WARNING - erro do regex do placa - https://www2.detran.rn.gov.br/SharedASP/grdMulta.asp?NossoNumero=49999999789474
2022-10-13 20:33:00,812 - WARNING - erro do regex do placa - https://www2.detran.rn.gov.br/SharedASP/grdMulta.asp?NossoNumero=49999999789452
2022-10-13 20:33:12,030 - WARNING - erro do regex do placa - https://www2.detran.rn.gov.br/SharedASP/grdMulta.asp?NossoNumero=49999999789420
2022-10-13 20:33:14,318 - WARNING - erro do regex do placa - https://www2.detran.rn.gov.br/SharedASP/grdMulta.asp?NossoNumero=49999999789413
2022-10-13 20:33:14,929 - WARNING - erro do regex do placa - https://www2.detran.rn.gov.br/SharedASP/grdMulta.asp?NossoNumero=49999999789411
2022-10-13 20:33:19,151 - WARNING - erro do regex do placa - https://www2.detran.rn.gov.br/SharedASP/grdMulta.asp?NossoNumero=49999999789398
2022-10-13 20:33:19,436 - WARNING - erro do regex do placa - https://www2.detran.rn.gov.br/SharedASP/grdMulta.asp?NossoNumero=49999999789397
2022-10-13 20:33:24,454 - WARNING - erro do regex do placa - https://www2.detran.rn.gov.br/SharedASP/grdMulta.asp?NossoNumero=49999999789381
2022-10-13 20:33:28,443 - WARNING - erro do regex do placa - https://www2.detran.rn.gov.br/SharedASP/grdMulta.asp?NossoNumero=49999999789369
2022-10-13 20:33:44,026 - WARNING - erro do regex do placa - https://www2.detran.rn.gov.br/SharedASP/grdMulta.asp?NossoNumero=49999999789320
2022-10-13 20:33:51,267 - WARNING - erro do regex do placa - https://www2.detran.rn.gov.br/SharedASP/grdMulta.asp?NossoNumero=49999999789298
2022-10-13 20:33:55,098 - WARNING - erro do regex do placa - https://www2.detran.rn.gov.br/SharedASP/grdMulta.asp?NossoNumero=49999999789286
2022-10-13 20:33:56,027 - WARNING - erro do regex do placa - https://www2.detran.rn.gov.br/SharedASP/grdMulta.asp?NossoNumero=49999999789283
2022-10-13 20:34:01,599 - WARNING - erro do regex do placa - https://www2.detran.rn.gov.br/SharedASP/grdMulta.asp?NossoNumero=49999999789268
2022-10-13 20:34:05,503 - WARNING - erro do regex do placa - https://www2.detran.rn.gov.br/SharedASP/grdMulta.asp?NossoNumero=49999999789257
2022-10-13 20:34:06,704 - WARNING - erro do regex do placa - https://www2.detran.rn.gov.br/SharedASP/grdMulta.asp?NossoNumero=49999999789253
2022-10-13 20:34:07,758 - WARNING - erro do regex do placa - https://www2.detran.rn.gov.br/SharedASP/grdMulta.asp?NossoNumero=49999999789250
2022-10-13 20:34:08,357 - WARNING - erro do regex do placa - https://www2.detran.rn.gov.br/SharedASP/grdMulta.asp?NossoNumero=49999999789248
2022-10-13 20:34:13,285 - WARNING - erro do regex do placa - https://www2.detran.rn.gov.br/SharedASP/grdMulta.asp?NossoNumero=49999999789231
2022-10-13 20:34:16,946 - WARNING - erro do regex do placa - https://www2.detran.rn.gov.br/SharedASP/grdMulta.asp?NossoNumero=49999999789220
2022-10-13 20:34:31,693 - WARNING - erro do regex do placa - https://www2.detran.rn.gov.br/SharedASP/grdMulta.asp?NossoNumero=49999999789174
2022-10-13 20:34:44,534 - WARNING - erro do regex do placa - https://www2.detran.rn.gov.br/SharedASP/grdMulta.asp?NossoNumero=49999999789133
2022-10-13 20:35:11,648 - WARNING - erro do regex do placa - https://www2.detran.rn.gov.br/SharedASP/grdMulta.asp?NossoNumero=49999999789070
2022-10-13 20:35:14,117 - WARNING - erro do regex do placa - https://www2.detran.rn.gov.br/SharedASP/grdMulta.asp?NossoNumero=49999999789060
2022-10-13 20:35:14,354 - WARNING - erro do regex do placa - https://www2.detran.rn.gov.br/SharedASP/grdMulta.asp?NossoNumero=49999999789059
2022-10-13 20:35:14,589 - WARNING - erro do regex do placa - https://www2.detran.rn.gov.br/SharedASP/grdMulta.asp?NossoNumero=49999999789058
2022-10-13 20:35:14,806 - WARNING - erro do regex do placa - https://www2.detran.rn.gov.br/SharedASP/grdMulta.asp?NossoNumero=49999999789057
2022-10-13 20:35:48,735 - WARNING - erro do regex do placa - https://www2.detran.rn.gov.br/SharedASP/grdMulta.asp?NossoNumero=49999999788946
2022-10-13 20:36:03,513 - WARNING - erro do regex do placa - https://www2.detran.rn.gov.br/SharedASP/grdMulta.asp?NossoNumero=49999999788913
2022-10-13 20:36:03,787 - WARNING - erro do regex do placa - https://www2.detran.rn.gov.br/SharedASP/grdMulta.asp?NossoNumero=49999999788912
2022-10-13 20:36:09,863 - WARNING - erro do regex do placa - https://www2.detran.rn.gov.br/SharedASP/grdMulta.asp?NossoNumero=49999999788892
2022-10-13 20:36:12,399 - WARNING - erro do regex do placa - https://www2.detran.rn.gov.br/SharedASP/grdMulta.asp?NossoNumero=49999999788882
2022-10-13 20:36:16,557 - WARNING - erro do regex do placa - https://www2.detran.rn.gov.br/SharedASP/grdMulta.asp?NossoNumero=49999999788866
2022-10-13 20:37:05,015 - WARNING - erro do regex do placa - https://www2.detran.rn.gov.br/SharedASP/grdMulta.asp?NossoNumero=49999999788718
2022-10-13 20:37:10,602 - WARNING - erro do regex do placa - https://www2.detran.rn.gov.br/SharedASP/grdMulta.asp?NossoNumero=49999999788700
2022-10-13 20:37:25,994 - WARNING - erro do regex do placa - https://www2.detran.rn.gov.br/SharedASP/grdMulta.asp?NossoNumero=49999999788659
2022-10-13 20:37:32,222 - WARNING - erro do regex do placa - https://www2.detran.rn.gov.br/SharedASP/grdMulta.asp?NossoNumero=49999999788639
2022-10-13 20:37:39,755 - WARNING - erro do regex do placa - https://www2.detran.rn.gov.br/SharedASP/grdMulta.asp?NossoNumero=49999999788616
2022-10-13 20:37:46,656 - WARNING - erro do regex do placa - https://www2.detran.rn.gov.br/SharedASP/grdMulta.asp?NossoNumero=49999999788602
2022-10-13 20:37:48,377 - WARNING - erro do regex do placa - https://www2.detran.rn.gov.br/SharedASP/grdMulta.asp?NossoNumero=49999999788595
2022-10-13 20:37:54,238 - WARNING - erro do regex do placa - https://www2.detran.rn.gov.br/SharedASP/grdMulta.asp?NossoNumero=49999999788574
2022-10-13 20:38:30,439 - WARNING - erro do regex do placa - https://www2.detran.rn.gov.br/SharedASP/grdMulta.asp?NossoNumero=49999999788468
2022-10-13 20:38:53,735 - WARNING - erro do regex do placa - https://www2.detran.rn.gov.br/SharedASP/grdMulta.asp?NossoNumero=49999999788396
2022-10-13 20:38:56,719 - WARNING - erro do regex do placa - https://www2.detran.rn.gov.br/SharedASP/grdMulta.asp?NossoNumero=49999999788386
2022-10-13 20:38:56,988 - WARNING - erro do regex do placa - https://www2.detran.rn.gov.br/SharedASP/grdMulta.asp?NossoNumero=49999999788385
2022-10-13 20:39:02,324 - WARNING - erro do regex do placa - https://www2.detran.rn.gov.br/SharedASP/grdMulta.asp?NossoNumero=49999999788368
2022-10-13 20:39:02,579 - WARNING - erro do regex do placa - https://www2.detran.rn.gov.br/SharedASP/grdMulta.asp?NossoNumero=49999999788367
2022-10-13 20:39:04,295 - WARNING - erro do regex do placa - https://www2.detran.rn.gov.br/SharedASP/grdMulta.asp?NossoNumero=49999999788361
2022-10-13 20:39:05,504 - WARNING - erro do regex do placa - https://www2.detran.rn.gov.br/SharedASP/grdMulta.asp?NossoNumero=49999999788357
2022-10-13 20:39:15,688 - WARNING - erro do regex do placa - https://www2.detran.rn.gov.br/SharedASP/grdMulta.asp?NossoNumero=49999999788325
2022-10-13 20:39:30,495 - WARNING - erro do regex do placa - https://www2.detran.rn.gov.br/SharedASP/grdMulta.asp?NossoNumero=49999999788277
2022-10-13 20:39:32,134 - WARNING - erro do regex do placa - https://www2.detran.rn.gov.br/SharedASP/grdMulta.asp?NossoNumero=49999999788272
2022-10-13 20:39:34,950 - WARNING - erro do regex do placa - https://www2.detran.rn.gov.br/SharedASP/grdMulta.asp?NossoNumero=49999999788263
2022-10-13 20:39:35,506 - WARNING - erro do regex do placa - https://www2.detran.rn.gov.br/SharedASP/grdMulta.asp?NossoNumero=49999999788261
2022-10-13 20:39:35,836 - WARNING - erro do regex do placa - https://www2.detran.rn.gov.br/SharedASP/grdMulta.asp?NossoNumero=49999999788260
2022-10-13 20:39:40,061 - WARNING - erro do regex do placa - https://www2.detran.rn.gov.br/SharedASP/grdMulta.asp?NossoNumero=49999999788246
2022-10-13 20:39:42,007 - WARNING - erro do regex do placa - https://www2.detran.rn.gov.br/SharedASP/grdMulta.asp?NossoNumero=49999999788240
2022-10-13 20:39:47,597 - WARNING - erro do regex do placa - https://www2.detran.rn.gov.br/SharedASP/grdMulta.asp?NossoNumero=49999999788221
2022-10-13 20:39:48,878 - WARNING - erro do regex do placa - https://www2.detran.rn.gov.br/SharedASP/grdMulta.asp?NossoNumero=49999999788217
2022-10-13 20:40:37,380 - WARNING - erro do regex do placa - https://www2.detran.rn.gov.br/SharedASP/grdMulta.asp?NossoNumero=49999999788067
2022-10-13 20:41:13,807 - WARNING - erro do regex do placa - https://www2.detran.rn.gov.br/SharedASP/grdMulta.asp?NossoNumero=49999999787956
2022-10-13 20:41:14,130 - WARNING - erro do regex do placa - https://www2.detran.rn.gov.br/SharedASP/grdMulta.asp?NossoNumero=49999999787955
2022-10-13 20:42:02,314 - WARNING - erro do regex do placa - https://www2.detran.rn.gov.br/SharedASP/grdMulta.asp?NossoNumero=49999999787807
2022-10-13 20:42:02,315 - WARNING - erro do regex do modelo - https://www2.detran.rn.gov.br/SharedASP/grdMulta.asp?NossoNumero=49999999787807
2022-10-13 20:42:30,132 - WARNING - erro do regex do placa - https://www2.detran.rn.gov.br/SharedASP/grdMulta.asp?NossoNumero=49999999787725
2022-10-13 20:42:30,881 - WARNING - erro do regex do placa - https://www2.detran.rn.gov.br/SharedASP/grdMulta.asp?NossoNumero=49999999787723
2022-10-13 20:42:31,262 - WARNING - erro do regex do placa - https://www2.detran.rn.gov.br/SharedASP/grdMulta.asp?NossoNumero=49999999787722
2022-10-13 20:42:40,241 - WARNING - erro do regex do placa - https://www2.detran.rn.gov.br/SharedASP/grdMulta.asp?NossoNumero=49999999787693
2022-10-13 20:43:05,059 - WARNING - erro do regex do placa - https://www2.detran.rn.gov.br/SharedASP/grdMulta.asp?NossoNumero=49999999787617
2022-10-13 20:44:38,561 - WARNING - erro do regex do placa - https://www2.detran.rn.gov.br/SharedASP/grdMulta.asp?NossoNumero=49999999787340
2022-10-13 20:45:18,174 - WARNING - erro do regex do placa - https://www2.detran.rn.gov.br/SharedASP/grdMulta.asp?NossoNumero=49999999787225
2022-10-13 20:45:25,714 - WARNING - erro do regex do placa - https://www2.detran.rn.gov.br/SharedASP/grdMulta.asp?NossoNumero=49999999787203
2022-10-13 20:46:00,336 - WARNING - erro do regex do placa - https://www2.detran.rn.gov.br/SharedASP/grdMulta.asp?NossoNumero=49999999787116
2022-10-13 20:46:05,257 - WARNING - erro do regex do placa - https://www2.detran.rn.gov.br/SharedASP/grdMulta.asp?NossoNumero=49999999787109
2022-10-13 20:46:23,899 - WARNING - erro do regex do placa - https://www2.detran.rn.gov.br/SharedASP/grdMulta.asp?NossoNumero=99999999583827
2022-10-13 20:46:23,901 - WARNING - erro do regex do modelo - https://www2.detran.rn.gov.br/SharedASP/grdMulta.asp?NossoNumero=99999999583827
2022-10-13 20:46:26,928 - WARNING - erro do regex do placa - https://www2.detran.rn.gov.br/SharedASP/grdMulta.asp?NossoNumero=49999999787056
2022-10-13 20:46:27,214 - WARNING - erro do regex do placa - https://www2.detran.rn.gov.br/SharedASP/grdMulta.asp?NossoNumero=49999999787055
2022-10-13 20:46:27,519 - WARNING - erro do regex do placa - https://www2.detran.rn.gov.br/SharedASP/grdMulta.asp?NossoNumero=49999999787054
2022-10-13 20:47:17,655 - WARNING - erro do regex do placa - https://www2.detran.rn.gov.br/SharedASP/grdMulta.asp?NossoNumero=49999999786915
2022-10-13 20:47:46,269 - WARNING - erro do regex do placa - https://www2.detran.rn.gov.br/SharedASP/grdMulta.asp?NossoNumero=49999999786831
2022-10-13 20:47:46,592 - WARNING - erro do regex do placa - https://www2.detran.rn.gov.br/SharedASP/grdMulta.asp?NossoNumero=49999999786830
2022-10-13 20:48:03,722 - WARNING - erro do regex do placa - https://www2.detran.rn.gov.br/SharedASP/grdMulta.asp?NossoNumero=49999999786788
2022-10-13 20:48:08,749 - WARNING - erro do regex do placa - https://www2.detran.rn.gov.br/SharedASP/grdMulta.asp?NossoNumero=49999999786773
2022-10-13 20:48:38,369 - WARNING - erro do regex do placa - https://www2.detran.rn.gov.br/SharedASP/grdMulta.asp?NossoNumero=49999999786690
2022-10-13 20:48:41,329 - WARNING - erro do regex do placa - https://www2.detran.rn.gov.br/SharedASP/grdMulta.asp?NossoNumero=49999999786681
2022-10-13 20:49:37,850 - WARNING - erro do regex do placa - https://www2.detran.rn.gov.br/SharedASP/grdMulta.asp?NossoNumero=49999999786517
2022-10-13 20:49:38,155 - WARNING - erro do regex do placa - https://www2.detran.rn.gov.br/SharedASP/grdMulta.asp?NossoNumero=49999999786516
2022-10-13 20:49:41,051 - WARNING - erro do regex do placa - https://www2.detran.rn.gov.br/SharedASP/grdMulta.asp?NossoNumero=49999999786508
2022-10-13 20:49:52,014 - WARNING - erro do regex do placa - https://www2.detran.rn.gov.br/SharedASP/grdMulta.asp?NossoNumero=49999999786472
2022-10-13 20:50:01,425 - WARNING - erro do regex do placa - https://www2.detran.rn.gov.br/SharedASP/grdMulta.asp?NossoNumero=49999999786446
2022-10-13 20:50:19,228 - WARNING - erro do regex do placa - https://www2.detran.rn.gov.br/SharedASP/grdMulta.asp?NossoNumero=49999999786390
2022-10-13 20:50:21,650 - WARNING - erro do regex do placa - https://www2.detran.rn.gov.br/SharedASP/grdMulta.asp?NossoNumero=49999999786382
2022-10-13 20:51:43,463 - WARNING - erro do regex do placa - https://www2.detran.rn.gov.br/SharedASP/grdMulta.asp?NossoNumero=49999999786137
2022-10-13 20:53:04,291 - WARNING - erro do regex do placa - https://www2.detran.rn.gov.br/SharedASP/grdMulta.asp?NossoNumero=49999999785895
2022-10-13 20:53:04,547 - WARNING - erro do regex do placa - https://www2.detran.rn.gov.br/SharedASP/grdMulta.asp?NossoNumero=49999999785894
2022-10-13 20:53:29,170 - WARNING - erro do regex do placa - https://www2.detran.rn.gov.br/SharedASP/grdMulta.asp?NossoNumero=49999999785817
2022-10-13 20:54:22,369 - WARNING - erro do regex do placa - https://www2.detran.rn.gov.br/SharedASP/grdMulta.asp?NossoNumero=49999999785660
2022-10-13 20:54:31,949 - WARNING - erro do regex do placa - https://www2.detran.rn.gov.br/SharedASP/grdMulta.asp?NossoNumero=49999999785635
2022-10-13 20:55:17,673 - WARNING - erro do regex do placa - https://www2.detran.rn.gov.br/SharedASP/grdMulta.asp?NossoNumero=49999999785492
2022-10-13 20:55:18,016 - WARNING - erro do regex do placa - https://www2.detran.rn.gov.br/SharedASP/grdMulta.asp?NossoNumero=49999999785491
2022-10-13 20:55:18,343 - WARNING - erro do regex do placa - https://www2.detran.rn.gov.br/SharedASP/grdMulta.asp?NossoNumero=49999999785490
2022-10-13 20:56:30,184 - WARNING - erro do regex do placa - https://www2.detran.rn.gov.br/SharedASP/grdMulta.asp?NossoNumero=49999999785323
2022-10-13 20:56:30,585 - WARNING - erro do regex do placa - https://www2.detran.rn.gov.br/SharedASP/grdMulta.asp?NossoNumero=49999999785322
2022-10-13 20:56:48,745 - WARNING - erro do regex do placa - https://www2.detran.rn.gov.br/SharedASP/grdMulta.asp?NossoNumero=49999999785271
2022-10-13 20:56:51,714 - WARNING - erro do regex do placa - https://www2.detran.rn.gov.br/SharedASP/grdMulta.asp?NossoNumero=49999999785261
2022-10-13 20:56:59,850 - WARNING - erro do regex do placa - https://www2.detran.rn.gov.br/SharedASP/grdMulta.asp?NossoNumero=49999999785236
2022-10-13 20:57:27,238 - WARNING - erro do regex do placa - https://www2.detran.rn.gov.br/SharedASP/grdMulta.asp?NossoNumero=49999999785162
2022-10-13 20:57:41,146 - WARNING - erro do regex do placa - https://www2.detran.rn.gov.br/SharedASP/grdMulta.asp?NossoNumero=49999999785118
2022-10-13 20:57:53,449 - WARNING - erro do regex do placa - https://www2.detran.rn.gov.br/SharedASP/grdMulta.asp?NossoNumero=49999999785084
2022-10-13 20:57:55,382 - WARNING - erro do regex do placa - https://www2.detran.rn.gov.br/SharedASP/grdMulta.asp?NossoNumero=49999999785078
2022-10-13 20:59:24,037 - WARNING - erro do regex do placa - https://www2.detran.rn.gov.br/SharedASP/grdMulta.asp?NossoNumero=49999999784853
2022-10-13 21:00:01,433 - WARNING - erro do regex do placa - https://www2.detran.rn.gov.br/SharedASP/grdMulta.asp?NossoNumero=49999999784762
2022-10-13 21:00:11,762 - WARNING - erro do regex do placa - https://www2.detran.rn.gov.br/SharedASP/grdMulta.asp?NossoNumero=49999999784733
2022-10-13 21:00:13,183 - WARNING - erro do regex do placa - https://www2.detran.rn.gov.br/SharedASP/grdMulta.asp?NossoNumero=49999999784728
2022-10-13 21:00:19,993 - WARNING - erro do regex do placa - https://www2.detran.rn.gov.br/SharedASP/grdMulta.asp?NossoNumero=49999999784709
2022-10-13 21:00:22,091 - WARNING - erro do regex do placa - https://www2.detran.rn.gov.br/SharedASP/grdMulta.asp?NossoNumero=49999999784703
2022-10-13 21:00:22,092 - WARNING - erro do regex do modelo - https://www2.detran.rn.gov.br/SharedASP/grdMulta.asp?NossoNumero=49999999784703
2022-10-13 21:00:27,949 - WARNING - erro do regex do placa - https://www2.detran.rn.gov.br/SharedASP/grdMulta.asp?NossoNumero=49999999784686
2022-10-13 21:00:52,259 - WARNING - erro do regex do placa - https://www2.detran.rn.gov.br/SharedASP/grdMulta.asp?NossoNumero=49999999784621
2022-10-13 21:01:04,353 - WARNING - erro do regex do placa - https://www2.detran.rn.gov.br/SharedASP/grdMulta.asp?NossoNumero=49999999784587
2022-10-13 21:01:04,697 - WARNING - erro do regex do placa - https://www2.detran.rn.gov.br/SharedASP/grdMulta.asp?NossoNumero=49999999784586
2022-10-13 21:01:38,473 - WARNING - erro do regex do placa - https://www2.detran.rn.gov.br/SharedASP/grdMulta.asp?NossoNumero=49999999784488
2022-10-13 21:01:42,638 - WARNING - erro do regex do placa - https://www2.detran.rn.gov.br/SharedASP/grdMulta.asp?NossoNumero=49999999784476
2022-10-13 21:01:43,735 - WARNING - erro do regex do placa - https://www2.detran.rn.gov.br/SharedASP/grdMulta.asp?NossoNumero=49999999784472
2022-10-13 21:01:44,018 - WARNING - erro do regex do placa - https://www2.detran.rn.gov.br/SharedASP/grdMulta.asp?NossoNumero=49999999784471
2022-10-13 21:01:45,085 - WARNING - erro do regex do placa - https://www2.detran.rn.gov.br/SharedASP/grdMulta.asp?NossoNumero=49999999784467
2022-10-13 21:01:48,033 - WARNING - erro do regex do placa - https://www2.detran.rn.gov.br/SharedASP/grdMulta.asp?NossoNumero=49999999784458
2022-10-13 21:01:48,262 - WARNING - erro do regex do placa - https://www2.detran.rn.gov.br/SharedASP/grdMulta.asp?NossoNumero=49999999784457
2022-10-13 21:01:48,519 - WARNING - erro do regex do placa - https://www2.detran.rn.gov.br/SharedASP/grdMulta.asp?NossoNumero=49999999784456
2022-10-13 21:02:09,135 - WARNING - erro do regex do placa - https://www2.detran.rn.gov.br/SharedASP/grdMulta.asp?NossoNumero=49999999784394
2022-10-13 21:02:28,080 - WARNING - erro do regex do placa - https://www2.detran.rn.gov.br/SharedASP/grdMulta.asp?NossoNumero=49999999784337
2022-10-13 21:18:14,340 - WARNING - erro do regex do placa - https://www2.detran.rn.gov.br/SharedASP/grdMulta.asp?NossoNumero=49999999781497
2022-10-13 21:18:15,992 - WARNING - erro do regex do placa - https://www2.detran.rn.gov.br/SharedASP/grdMulta.asp?NossoNumero=49999999781494
2022-10-13 21:18:20,946 - WARNING - erro do regex do placa - https://www2.detran.rn.gov.br/SharedASP/grdMulta.asp?NossoNumero=49999999781485
2022-10-13 21:18:34,146 - WARNING - erro do regex do placa - https://www2.detran.rn.gov.br/SharedASP/grdMulta.asp?NossoNumero=49999999781454
2022-10-13 21:18:41,778 - WARNING - erro do regex do placa - https://www2.detran.rn.gov.br/SharedASP/grdMulta.asp?NossoNumero=49999999781438
2022-10-13 21:18:48,688 - WARNING - erro do regex do placa - https://www2.detran.rn.gov.br/SharedASP/grdMulta.asp?NossoNumero=49999999781432
2022-10-13 21:19:18,726 - WARNING - erro do regex do placa - https://www2.detran.rn.gov.br/SharedASP/grdMulta.asp?NossoNumero=49999999781364
2022-10-13 21:19:43,765 - WARNING - erro do regex do placa - https://www2.detran.rn.gov.br/SharedASP/grdMulta.asp?NossoNumero=49999999781306
2022-10-13 21:19:47,753 - WARNING - erro do regex do placa - https://www2.detran.rn.gov.br/SharedASP/grdMulta.asp?NossoNumero=49999999781296
2022-10-13 21:20:37,213 - WARNING - erro do regex do placa - https://www2.detran.rn.gov.br/SharedASP/grdMulta.asp?NossoNumero=49999999781187
2022-10-13 21:20:43,755 - WARNING - erro do regex do placa - https://www2.detran.rn.gov.br/SharedASP/grdMulta.asp?NossoNumero=49999999781172
2022-10-13 21:20:45,548 - WARNING - erro do regex do placa - https://www2.detran.rn.gov.br/SharedASP/grdMulta.asp?NossoNumero=49999999781168
2022-10-13 21:20:45,951 - WARNING - erro do regex do placa - https://www2.detran.rn.gov.br/SharedASP/grdMulta.asp?NossoNumero=49999999781167
2022-10-13 21:21:31,985 - WARNING - erro do regex do placa - https://www2.detran.rn.gov.br/SharedASP/grdMulta.asp?NossoNumero=49999999781053
2022-10-13 21:23:06,837 - WARNING - erro do regex do placa - https://www2.detran.rn.gov.br/SharedASP/grdMulta.asp?NossoNumero=49999999780840
2022-10-13 21:23:28,902 - WARNING - erro do regex do placa - https://www2.detran.rn.gov.br/SharedASP/grdMulta.asp?NossoNumero=49999999780786
2022-10-13 21:23:29,262 - WARNING - erro do regex do placa - https://www2.detran.rn.gov.br/SharedASP/grdMulta.asp?NossoNumero=49999999780785
2022-10-13 21:23:42,804 - WARNING - erro do regex do placa - https://www2.detran.rn.gov.br/SharedASP/grdMulta.asp?NossoNumero=49999999780753
2022-10-13 21:24:15,882 - WARNING - erro do regex do placa - https://www2.detran.rn.gov.br/SharedASP/grdMulta.asp?NossoNumero=49999999780674
2022-10-13 21:24:30,270 - WARNING - erro do regex do placa - https://www2.detran.rn.gov.br/SharedASP/grdMulta.asp?NossoNumero=49999999780640
2022-10-13 21:24:30,697 - WARNING - erro do regex do placa - https://www2.detran.rn.gov.br/SharedASP/grdMulta.asp?NossoNumero=49999999780639
2022-10-13 21:25:29,338 - WARNING - erro do regex do placa - https://www2.detran.rn.gov.br/SharedASP/grdMulta.asp?NossoNumero=49999999780507
2022-10-13 21:25:44,244 - WARNING - erro do regex do placa - https://www2.detran.rn.gov.br/SharedASP/grdMulta.asp?NossoNumero=49999999780477
2022-10-13 21:25:45,097 - WARNING - erro do regex do placa - https://www2.detran.rn.gov.br/SharedASP/grdMulta.asp?NossoNumero=49999999780475
2022-10-13 21:26:13,092 - WARNING - erro do regex do placa - https://www2.detran.rn.gov.br/SharedASP/grdMulta.asp?NossoNumero=49999999780414
2022-10-13 21:26:32,365 - WARNING - erro do regex do placa - https://www2.detran.rn.gov.br/SharedASP/grdMulta.asp?NossoNumero=49999999780371
2022-10-13 21:26:54,357 - WARNING - erro do regex do placa - https://www2.detran.rn.gov.br/SharedASP/grdMulta.asp?NossoNumero=49999999780318
2022-10-13 21:27:08,328 - WARNING - erro do regex do placa - https://www2.detran.rn.gov.br/SharedASP/grdMulta.asp?NossoNumero=49999999780285
2022-10-13 21:28:34,801 - WARNING - erro do regex do placa - https://www2.detran.rn.gov.br/SharedASP/grdMulta.asp?NossoNumero=49999999780092
2022-10-13 21:28:39,861 - WARNING - erro do regex do placa - https://www2.detran.rn.gov.br/SharedASP/grdMulta.asp?NossoNumero=49999999780081
2022-10-13 21:28:40,326 - WARNING - erro do regex do placa - https://www2.detran.rn.gov.br/SharedASP/grdMulta.asp?NossoNumero=49999999780080
2022-10-13 21:28:46,272 - WARNING - erro do regex do placa - https://www2.detran.rn.gov.br/SharedASP/grdMulta.asp?NossoNumero=49999999780067
2022-10-13 21:28:46,664 - WARNING - erro do regex do placa - https://www2.detran.rn.gov.br/SharedASP/grdMulta.asp?NossoNumero=49999999780066
2022-10-13 21:28:47,133 - WARNING - erro do regex do placa - https://www2.detran.rn.gov.br/SharedASP/grdMulta.asp?NossoNumero=49999999780065
2022-10-13 21:29:34,162 - WARNING - erro do regex do placa - https://www2.detran.rn.gov.br/SharedASP/grdMulta.asp?NossoNumero=49999999779954
2022-10-13 21:29:34,637 - WARNING - erro do regex do placa - https://www2.detran.rn.gov.br/SharedASP/grdMulta.asp?NossoNumero=49999999779953
2022-10-13 21:29:35,012 - WARNING - erro do regex do placa - https://www2.detran.rn.gov.br/SharedASP/grdMulta.asp?NossoNumero=49999999779952
2022-10-13 21:29:35,399 - WARNING - erro do regex do placa - https://www2.detran.rn.gov.br/SharedASP/grdMulta.asp?NossoNumero=49999999779951
2022-10-13 21:30:01,700 - WARNING - erro do regex do placa - https://www2.detran.rn.gov.br/SharedASP/grdMulta.asp?NossoNumero=49999999779893
2022-10-13 21:30:49,072 - WARNING - erro do regex do placa - https://www2.detran.rn.gov.br/SharedASP/grdMulta.asp?NossoNumero=49999999779771
2022-10-13 21:30:49,500 - WARNING - erro do regex do placa - https://www2.detran.rn.gov.br/SharedASP/grdMulta.asp?NossoNumero=49999999779770
2022-10-13 21:30:49,890 - WARNING - erro do regex do placa - https://www2.detran.rn.gov.br/SharedASP/grdMulta.asp?NossoNumero=49999999779769
2022-10-13 21:31:13,285 - WARNING - erro do regex do placa - https://www2.detran.rn.gov.br/SharedASP/grdMulta.asp?NossoNumero=49999999779716
2022-10-13 21:31:14,701 - WARNING - erro do regex do placa - https://www2.detran.rn.gov.br/SharedASP/grdMulta.asp?NossoNumero=49999999779712
2022-10-13 21:31:16,173 - WARNING - erro do regex do placa - https://www2.detran.rn.gov.br/SharedASP/grdMulta.asp?NossoNumero=49999999779708
2022-10-13 21:31:17,326 - WARNING - erro do regex do placa - https://www2.detran.rn.gov.br/SharedASP/grdMulta.asp?NossoNumero=49999999779705
2022-10-13 21:31:17,752 - WARNING - erro do regex do placa - https://www2.detran.rn.gov.br/SharedASP/grdMulta.asp?NossoNumero=49999999779704
2022-10-13 21:33:01,787 - WARNING - erro do regex do placa - https://www2.detran.rn.gov.br/SharedASP/grdMulta.asp?NossoNumero=49999999779444
2022-10-13 21:33:19,862 - WARNING - erro do regex do placa - https://www2.detran.rn.gov.br/SharedASP/grdMulta.asp?NossoNumero=49999999779397
2022-10-13 21:34:07,304 - WARNING - erro do regex do placa - https://www2.detran.rn.gov.br/SharedASP/grdMulta.asp?NossoNumero=49999999779270
2022-10-13 21:34:07,615 - WARNING - erro do regex do placa - https://www2.detran.rn.gov.br/SharedASP/grdMulta.asp?NossoNumero=49999999779269
2022-10-13 21:34:16,350 - WARNING - erro do regex do placa - https://www2.detran.rn.gov.br/SharedASP/grdMulta.asp?NossoNumero=49999999779240
2022-10-13 21:34:39,578 - WARNING - erro do regex do placa - https://www2.detran.rn.gov.br/SharedASP/grdMulta.asp?NossoNumero=49999999779177
2022-10-13 21:34:45,459 - WARNING - erro do regex do placa - https://www2.detran.rn.gov.br/SharedASP/grdMulta.asp?NossoNumero=49999999779159
2022-10-13 21:36:19,567 - WARNING - erro do regex do placa - https://www2.detran.rn.gov.br/SharedASP/grdMulta.asp?NossoNumero=49999999778908
2022-10-13 21:37:54,213 - WARNING - erro do regex do placa - https://www2.detran.rn.gov.br/SharedASP/grdMulta.asp?NossoNumero=49999999778678
2022-10-13 21:38:36,479 - WARNING - erro do regex do placa - https://www2.detran.rn.gov.br/SharedASP/grdMulta.asp?NossoNumero=49999999778579
2022-10-13 21:38:53,047 - WARNING - erro do regex do placa - https://www2.detran.rn.gov.br/SharedASP/grdMulta.asp?NossoNumero=49999999778530
2022-10-13 21:41:09,005 - WARNING - erro do regex do placa - https://www2.detran.rn.gov.br/SharedASP/grdMulta.asp?NossoNumero=49999999778149
2022-10-13 21:43:14,892 - WARNING - erro do regex do placa - https://www2.detran.rn.gov.br/SharedASP/grdMulta.asp?NossoNumero=49999999777849
2022-10-13 21:43:20,437 - WARNING - erro do regex do placa - https://www2.detran.rn.gov.br/SharedASP/grdMulta.asp?NossoNumero=49999999777836
2022-10-13 21:43:28,925 - WARNING - erro do regex do placa - https://www2.detran.rn.gov.br/SharedASP/grdMulta.asp?NossoNumero=49999999777816
2022-10-13 21:43:48,583 - WARNING - erro do regex do placa - https://www2.detran.rn.gov.br/SharedASP/grdMulta.asp?NossoNumero=49999999777767
2022-10-13 21:43:52,268 - WARNING - erro do regex do placa - https://www2.detran.rn.gov.br/SharedASP/grdMulta.asp?NossoNumero=49999999777759
2022-10-13 21:44:16,697 - WARNING - erro do regex do placa - https://www2.detran.rn.gov.br/SharedASP/grdMulta.asp?NossoNumero=99999999574889
2022-10-13 21:44:16,698 - WARNING - erro do regex do modelo - https://www2.detran.rn.gov.br/SharedASP/grdMulta.asp?NossoNumero=99999999574889
2022-10-13 21:44:35,550 - WARNING - erro do regex do placa - https://www2.detran.rn.gov.br/SharedASP/grdMulta.asp?NossoNumero=49999999777661
2022-10-13 21:44:36,298 - WARNING - erro do regex do placa - https://www2.detran.rn.gov.br/SharedASP/grdMulta.asp?NossoNumero=49999999777659
2022-10-13 21:44:39,318 - WARNING - erro do regex do placa - https://www2.detran.rn.gov.br/SharedASP/grdMulta.asp?NossoNumero=49999999777652
2022-10-13 21:45:27,916 - WARNING - erro do regex do placa - https://www2.detran.rn.gov.br/SharedASP/grdMulta.asp?NossoNumero=49999999777537
2022-10-13 21:46:35,700 - WARNING - erro do regex do placa - https://www2.detran.rn.gov.br/SharedASP/grdMulta.asp?NossoNumero=49999999777393
2022-10-13 21:47:42,507 - WARNING - erro do regex do placa - https://www2.detran.rn.gov.br/SharedASP/grdMulta.asp?NossoNumero=49999999777242
2022-10-13 21:47:42,865 - WARNING - erro do regex do placa - https://www2.detran.rn.gov.br/SharedASP/grdMulta.asp?NossoNumero=49999999777241
2022-10-13 21:49:59,983 - WARNING - erro do regex do placa - https://www2.detran.rn.gov.br/SharedASP/grdMulta.asp?NossoNumero=49999999776945
2022-10-13 21:50:00,394 - WARNING - erro do regex do placa - https://www2.detran.rn.gov.br/SharedASP/grdMulta.asp?NossoNumero=49999999776944
2022-10-13 21:50:06,671 - WARNING - erro do regex do placa - https://www2.detran.rn.gov.br/SharedASP/grdMulta.asp?NossoNumero=49999999776930
2022-10-13 21:50:16,873 - WARNING - erro do regex do placa - https://www2.detran.rn.gov.br/SharedASP/grdMulta.asp?NossoNumero=49999999776908
2022-10-13 21:50:23,474 - WARNING - erro do regex do placa - https://www2.detran.rn.gov.br/SharedASP/grdMulta.asp?NossoNumero=49999999776894
2022-10-13 21:51:22,978 - WARNING - erro do regex do placa - https://www2.detran.rn.gov.br/SharedASP/grdMulta.asp?NossoNumero=49999999776754
2022-10-13 21:51:44,224 - WARNING - erro do regex do placa - https://www2.detran.rn.gov.br/SharedASP/grdMulta.asp?NossoNumero=49999999776684
2022-10-13 21:51:55,369 - WARNING - erro do regex do placa - https://www2.detran.rn.gov.br/SharedASP/grdMulta.asp?NossoNumero=49999999776639
2022-10-13 21:52:09,981 - WARNING - erro do regex do placa - https://www2.detran.rn.gov.br/SharedASP/grdMulta.asp?NossoNumero=49999999776587
2022-10-13 21:52:10,192 - WARNING - erro do regex do placa - https://www2.detran.rn.gov.br/SharedASP/grdMulta.asp?NossoNumero=49999999776586
2022-10-13 21:52:51,907 - WARNING - erro do regex do placa - https://www2.detran.rn.gov.br/SharedASP/grdMulta.asp?NossoNumero=49999999776436
2022-10-13 21:53:01,293 - WARNING - erro do regex do placa - https://www2.detran.rn.gov.br/SharedASP/grdMulta.asp?NossoNumero=49999999776400
2022-10-13 21:54:12,932 - WARNING - erro do regex do placa - https://www2.detran.rn.gov.br/SharedASP/grdMulta.asp?NossoNumero=49999999776133
2022-10-13 21:55:36,296 - WARNING - erro do regex do placa - https://www2.detran.rn.gov.br/SharedASP/grdMulta.asp?NossoNumero=49999999775865
2022-10-13 21:55:39,141 - WARNING - erro do regex do placa - https://www2.detran.rn.gov.br/SharedASP/grdMulta.asp?NossoNumero=49999999775853
2022-10-13 21:56:00,447 - WARNING - erro do regex do placa - https://www2.detran.rn.gov.br/SharedASP/grdMulta.asp?NossoNumero=49999999775790
2022-10-13 21:56:08,234 - WARNING - erro do regex do placa - https://www2.detran.rn.gov.br/SharedASP/grdMulta.asp?NossoNumero=49999999775757
2022-10-13 21:59:38,116 - WARNING - erro do regex do placa - https://www2.detran.rn.gov.br/SharedASP/grdMulta.asp?NossoNumero=49999999775155
2022-10-13 22:01:10,647 - WARNING - erro do regex do placa - https://www2.detran.rn.gov.br/SharedASP/grdMulta.asp?NossoNumero=49999999774834
2022-10-13 22:02:10,276 - WARNING - erro do regex do placa - https://www2.detran.rn.gov.br/SharedASP/grdMulta.asp?NossoNumero=49999999774669
2022-10-13 22:04:30,135 - WARNING - erro do regex do placa - https://www2.detran.rn.gov.br/SharedASP/grdMulta.asp?NossoNumero=99999999571543
2022-10-13 22:04:30,135 - WARNING - erro do regex do modelo - https://www2.detran.rn.gov.br/SharedASP/grdMulta.asp?NossoNumero=99999999571543
2022-10-13 22:04:32,340 - WARNING - erro do regex do placa - https://www2.detran.rn.gov.br/SharedASP/grdMulta.asp?NossoNumero=49999999774231
2022-10-13 22:04:40,071 - WARNING - erro do regex do placa - https://www2.detran.rn.gov.br/SharedASP/grdMulta.asp?NossoNumero=49999999774203
2022-10-13 22:05:20,031 - WARNING - erro do regex do placa - https://www2.detran.rn.gov.br/SharedASP/grdMulta.asp?NossoNumero=49999999774094
2022-10-13 22:06:04,671 - WARNING - erro do regex do placa - https://www2.detran.rn.gov.br/SharedASP/grdMulta.asp?NossoNumero=49999999773998
2022-10-13 22:06:55,537 - WARNING - erro do regex do placa - https://www2.detran.rn.gov.br/SharedASP/grdMulta.asp?NossoNumero=49999999773895
2022-10-13 22:07:16,310 - WARNING - erro do regex do placa - https://www2.detran.rn.gov.br/SharedASP/grdMulta.asp?NossoNumero=49999999773825
2022-10-13 22:07:21,565 - WARNING - erro do regex do placa - https://www2.detran.rn.gov.br/SharedASP/grdMulta.asp?NossoNumero=49999999773808
2022-10-13 22:08:11,182 - WARNING - erro do regex do placa - https://www2.detran.rn.gov.br/SharedASP/grdMulta.asp?NossoNumero=49999999773642
2022-10-13 22:09:30,814 - WARNING - erro do regex do placa - https://www2.detran.rn.gov.br/SharedASP/grdMulta.asp?NossoNumero=49999999773368
2022-10-13 22:09:31,127 - WARNING - erro do regex do placa - https://www2.detran.rn.gov.br/SharedASP/grdMulta.asp?NossoNumero=49999999773367
2022-10-13 22:11:51,074 - WARNING - erro do regex do placa - https://www2.detran.rn.gov.br/SharedASP/grdMulta.asp?NossoNumero=49999999772888
2022-10-13 22:12:41,779 - WARNING - erro do regex do placa - https://www2.detran.rn.gov.br/SharedASP/grdMulta.asp?NossoNumero=49999999772704
2022-10-13 22:13:26,752 - WARNING - erro do regex do placa - https://www2.detran.rn.gov.br/SharedASP/grdMulta.asp?NossoNumero=49999999772538
2022-10-13 22:13:28,416 - WARNING - erro do regex do placa - https://www2.detran.rn.gov.br/SharedASP/grdMulta.asp?NossoNumero=49999999772532
2022-10-13 22:13:35,604 - WARNING - erro do regex do placa - https://www2.detran.rn.gov.br/SharedASP/grdMulta.asp?NossoNumero=49999999772507
2022-10-13 22:13:47,372 - WARNING - erro do regex do placa - https://www2.detran.rn.gov.br/SharedASP/grdMulta.asp?NossoNumero=49999999772464
2022-10-13 22:14:00,578 - WARNING - erro do regex do placa - https://www2.detran.rn.gov.br/SharedASP/grdMulta.asp?NossoNumero=49999999772425
2022-10-13 22:16:35,799 - WARNING - erro do regex do placa - https://www2.detran.rn.gov.br/SharedASP/grdMulta.asp?NossoNumero=49999999771862
2022-10-13 22:16:39,617 - WARNING - erro do regex do placa - https://www2.detran.rn.gov.br/SharedASP/grdMulta.asp?NossoNumero=49999999771847
2022-10-13 22:16:39,899 - WARNING - erro do regex do placa - https://www2.detran.rn.gov.br/SharedASP/grdMulta.asp?NossoNumero=49999999771846
2022-10-13 22:21:35,908 - WARNING - erro do regex do placa - https://www2.detran.rn.gov.br/SharedASP/grdMulta.asp?NossoNumero=49999999770844
2022-10-13 22:22:16,057 - WARNING - erro do regex do placa - https://www2.detran.rn.gov.br/SharedASP/grdMulta.asp?NossoNumero=49999999770720
2022-10-13 22:23:02,740 - WARNING - erro do regex do placa - https://www2.detran.rn.gov.br/SharedASP/grdMulta.asp?NossoNumero=49999999770589
2022-10-13 22:23:03,008 - WARNING - erro do regex do placa - https://www2.detran.rn.gov.br/SharedASP/grdMulta.asp?NossoNumero=49999999770588
2022-10-13 22:46:48,898 - WARNING - erro do regex do placa - https://www2.detran.rn.gov.br/SharedASP/grdMulta.asp?NossoNumero=99999999563552
2022-10-13 22:46:49,181 - WARNING - erro do regex do placa - https://www2.detran.rn.gov.br/SharedASP/grdMulta.asp?NossoNumero=99999999563551
2022-10-13 22:46:49,446 - WARNING - erro do regex do placa - https://www2.detran.rn.gov.br/SharedASP/grdMulta.asp?NossoNumero=99999999563550
2022-10-13 22:47:11,573 - WARNING - erro do regex do placa - https://www2.detran.rn.gov.br/SharedASP/grdMulta.asp?NossoNumero=99999999563476
2022-10-13 22:47:47,520 - WARNING - erro do regex do placa - https://www2.detran.rn.gov.br/SharedASP/grdMulta.asp?NossoNumero=99999999563382
2022-10-13 22:48:40,158 - WARNING - erro do regex do placa - https://www2.detran.rn.gov.br/SharedASP/grdMulta.asp?NossoNumero=99999999563218
2022-10-13 22:48:40,159 - WARNING - erro do regex do modelo - https://www2.detran.rn.gov.br/SharedASP/grdMulta.asp?NossoNumero=99999999563218
2022-10-13 22:50:05,104 - WARNING - erro do regex do placa - https://www2.detran.rn.gov.br/SharedASP/grdMulta.asp?NossoNumero=99999999562933
2022-10-13 22:50:24,572 - WARNING - erro do regex do placa - https://www2.detran.rn.gov.br/SharedASP/grdMulta.asp?NossoNumero=99999999562863
2022-10-13 22:50:24,572 - WARNING - erro do regex do modelo - https://www2.detran.rn.gov.br/SharedASP/grdMulta.asp?NossoNumero=99999999562863
2022-10-13 22:52:06,742 - WARNING - erro do regex do placa - https://www2.detran.rn.gov.br/SharedASP/grdMulta.asp?NossoNumero=99999999562563
2022-10-13 22:52:07,013 - WARNING - erro do regex do placa - https://www2.detran.rn.gov.br/SharedASP/grdMulta.asp?NossoNumero=99999999562562
2022-10-13 22:53:43,633 - WARNING - erro do regex do placa - https://www2.detran.rn.gov.br/SharedASP/grdMulta.asp?NossoNumero=99999999562278
2022-10-13 22:54:31,539 - WARNING - erro do regex do placa - https://www2.detran.rn.gov.br/SharedASP/grdMulta.asp?NossoNumero=99999999562124
2022-10-13 22:56:56,537 - WARNING - erro do regex do placa - https://www2.detran.rn.gov.br/SharedASP/grdMulta.asp?NossoNumero=99999999561620
2022-10-13 22:56:56,827 - WARNING - erro do regex do placa - https://www2.detran.rn.gov.br/SharedASP/grdMulta.asp?NossoNumero=99999999561619
2022-10-13 22:56:57,086 - WARNING - erro do regex do placa - https://www2.detran.rn.gov.br/SharedASP/grdMulta.asp?NossoNumero=99999999561618
2022-10-13 22:57:42,952 - WARNING - erro do regex do placa - https://www2.detran.rn.gov.br/SharedASP/grdMulta.asp?NossoNumero=99999999561470
2022-10-13 22:57:51,617 - WARNING - erro do regex do placa - https://www2.detran.rn.gov.br/SharedASP/grdMulta.asp?NossoNumero=99999999561437
2022-10-13 22:57:54,536 - WARNING - erro do regex do placa - https://www2.detran.rn.gov.br/SharedASP/grdMulta.asp?NossoNumero=99999999561426
2022-10-13 22:57:56,510 - WARNING - erro do regex do placa - https://www2.detran.rn.gov.br/SharedASP/grdMulta.asp?NossoNumero=99999999561419
2022-10-13 22:57:59,525 - WARNING - erro do regex do placa - https://www2.detran.rn.gov.br/SharedASP/grdMulta.asp?NossoNumero=99999999561412
2022-10-13 22:57:59,836 - WARNING - erro do regex do placa - https://www2.detran.rn.gov.br/SharedASP/grdMulta.asp?NossoNumero=99999999561411
2022-10-13 22:58:42,909 - WARNING - erro do regex do placa - https://www2.detran.rn.gov.br/SharedASP/grdMulta.asp?NossoNumero=99999999561265
2022-10-13 22:58:43,206 - WARNING - erro do regex do placa - https://www2.detran.rn.gov.br/SharedASP/grdMulta.asp?NossoNumero=99999999561264
2022-10-13 22:58:45,875 - WARNING - erro do regex do placa - https://www2.detran.rn.gov.br/SharedASP/grdMulta.asp?NossoNumero=99999999561255
2022-10-13 22:59:01,588 - WARNING - erro do regex do placa - https://www2.detran.rn.gov.br/SharedASP/grdMulta.asp?NossoNumero=99999999561225
2022-10-13 22:59:03,921 - WARNING - erro do regex do placa - https://www2.detran.rn.gov.br/SharedASP/grdMulta.asp?NossoNumero=99999999561216
2022-10-13 22:59:06,644 - WARNING - erro do regex do placa - https://www2.detran.rn.gov.br/SharedASP/grdMulta.asp?NossoNumero=99999999561206
2022-10-13 22:59:11,105 - WARNING - erro do regex do placa - https://www2.detran.rn.gov.br/SharedASP/grdMulta.asp?NossoNumero=99999999561196
2022-10-13 22:59:11,360 - WARNING - erro do regex do placa - https://www2.detran.rn.gov.br/SharedASP/grdMulta.asp?NossoNumero=99999999561195
2022-10-13 22:59:27,445 - WARNING - erro do regex do placa - https://www2.detran.rn.gov.br/SharedASP/grdMulta.asp?NossoNumero=99999999561139
2022-10-13 22:59:27,684 - WARNING - erro do regex do placa - https://www2.detran.rn.gov.br/SharedASP/grdMulta.asp?NossoNumero=99999999561138
2022-10-13 22:59:27,967 - WARNING - erro do regex do placa - https://www2.detran.rn.gov.br/SharedASP/grdMulta.asp?NossoNumero=99999999561137
2022-10-13 22:59:28,256 - WARNING - erro do regex do placa - https://www2.detran.rn.gov.br/SharedASP/grdMulta.asp?NossoNumero=99999999561136
2022-10-13 22:59:30,004 - WARNING - erro do regex do placa - https://www2.detran.rn.gov.br/SharedASP/grdMulta.asp?NossoNumero=99999999561131
2022-10-13 22:59:31,303 - WARNING - erro do regex do placa - https://www2.detran.rn.gov.br/SharedASP/grdMulta.asp?NossoNumero=99999999561126
2022-10-13 22:59:44,567 - WARNING - erro do regex do placa - https://www2.detran.rn.gov.br/SharedASP/grdMulta.asp?NossoNumero=99999999561079
2022-10-13 22:59:45,907 - WARNING - erro do regex do placa - https://www2.detran.rn.gov.br/SharedASP/grdMulta.asp?NossoNumero=99999999561074
2022-10-13 22:59:50,042 - WARNING - erro do regex do placa - https://www2.detran.rn.gov.br/SharedASP/grdMulta.asp?NossoNumero=99999999561059
2022-10-13 22:59:52,040 - WARNING - erro do regex do placa - https://www2.detran.rn.gov.br/SharedASP/grdMulta.asp?NossoNumero=99999999561052
2022-10-13 23:00:00,894 - WARNING - erro do regex do placa - https://www2.detran.rn.gov.br/SharedASP/grdMulta.asp?NossoNumero=99999999561026
2022-10-13 23:00:01,433 - WARNING - erro do regex do placa - https://www2.detran.rn.gov.br/SharedASP/grdMulta.asp?NossoNumero=99999999561024
2022-10-13 23:00:03,947 - WARNING - erro do regex do placa - https://www2.detran.rn.gov.br/SharedASP/grdMulta.asp?NossoNumero=99999999561015
2022-10-13 23:00:05,480 - WARNING - erro do regex do placa - https://www2.detran.rn.gov.br/SharedASP/grdMulta.asp?NossoNumero=99999999561009
2022-10-13 23:00:25,129 - WARNING - erro do regex do placa - https://www2.detran.rn.gov.br/SharedASP/grdMulta.asp?NossoNumero=99999999560937
2022-10-13 23:00:27,241 - WARNING - erro do regex do placa - https://www2.detran.rn.gov.br/SharedASP/grdMulta.asp?NossoNumero=99999999560929
2022-10-13 23:00:31,531 - WARNING - erro do regex do placa - https://www2.detran.rn.gov.br/SharedASP/grdMulta.asp?NossoNumero=99999999560916
2022-10-13 23:00:32,323 - WARNING - erro do regex do placa - https://www2.detran.rn.gov.br/SharedASP/grdMulta.asp?NossoNumero=99999999560914
2022-10-13 23:00:35,645 - WARNING - erro do regex do placa - https://www2.detran.rn.gov.br/SharedASP/grdMulta.asp?NossoNumero=99999999560901
2022-10-13 23:00:35,901 - WARNING - erro do regex do placa - https://www2.detran.rn.gov.br/SharedASP/grdMulta.asp?NossoNumero=99999999560900
2022-10-13 23:00:46,373 - WARNING - erro do regex do placa - https://www2.detran.rn.gov.br/SharedASP/grdMulta.asp?NossoNumero=99999999560860
2022-10-13 23:00:54,206 - WARNING - erro do regex do placa - https://www2.detran.rn.gov.br/SharedASP/grdMulta.asp?NossoNumero=99999999560831
2022-10-13 23:00:55,957 - WARNING - erro do regex do placa - https://www2.detran.rn.gov.br/SharedASP/grdMulta.asp?NossoNumero=99999999560825
2022-10-13 23:01:03,860 - WARNING - erro do regex do placa - https://www2.detran.rn.gov.br/SharedASP/grdMulta.asp?NossoNumero=99999999560799
2022-10-13 23:01:07,018 - WARNING - erro do regex do placa - https://www2.detran.rn.gov.br/SharedASP/grdMulta.asp?NossoNumero=99999999560787
2022-10-13 23:01:07,264 - WARNING - erro do regex do placa - https://www2.detran.rn.gov.br/SharedASP/grdMulta.asp?NossoNumero=99999999560786
2022-10-13 23:01:25,907 - WARNING - erro do regex do placa - https://www2.detran.rn.gov.br/SharedASP/grdMulta.asp?NossoNumero=99999999560722
2022-10-13 23:01:30,926 - WARNING - erro do regex do placa - https://www2.detran.rn.gov.br/SharedASP/grdMulta.asp?NossoNumero=99999999560707
2022-10-13 23:01:30,926 - WARNING - erro do regex do modelo - https://www2.detran.rn.gov.br/SharedASP/grdMulta.asp?NossoNumero=99999999560707
2022-10-13 23:01:33,112 - WARNING - erro do regex do placa - https://www2.detran.rn.gov.br/SharedASP/grdMulta.asp?NossoNumero=99999999560699
2022-10-13 23:01:34,136 - WARNING - erro do regex do placa - https://www2.detran.rn.gov.br/SharedASP/grdMulta.asp?NossoNumero=99999999560695
2022-10-13 23:01:38,517 - WARNING - erro do regex do placa - https://www2.detran.rn.gov.br/SharedASP/grdMulta.asp?NossoNumero=99999999560678
2022-10-13 23:01:41,909 - WARNING - erro do regex do placa - https://www2.detran.rn.gov.br/SharedASP/grdMulta.asp?NossoNumero=99999999560666
2022-10-13 23:01:42,438 - WARNING - erro do regex do placa - https://www2.detran.rn.gov.br/SharedASP/grdMulta.asp?NossoNumero=99999999560664
2022-10-13 23:01:43,210 - WARNING - erro do regex do placa - https://www2.detran.rn.gov.br/SharedASP/grdMulta.asp?NossoNumero=99999999560661
2022-10-13 23:01:44,877 - WARNING - erro do regex do placa - https://www2.detran.rn.gov.br/SharedASP/grdMulta.asp?NossoNumero=99999999560655
2022-10-13 23:01:55,763 - WARNING - erro do regex do placa - https://www2.detran.rn.gov.br/SharedASP/grdMulta.asp?NossoNumero=99999999560637
2022-10-13 23:01:56,045 - WARNING - erro do regex do placa - https://www2.detran.rn.gov.br/SharedASP/grdMulta.asp?NossoNumero=99999999560636
2022-10-13 23:02:07,934 - WARNING - erro do regex do placa - https://www2.detran.rn.gov.br/SharedASP/grdMulta.asp?NossoNumero=99999999560599
2022-10-13 23:02:11,871 - WARNING - erro do regex do placa - https://www2.detran.rn.gov.br/SharedASP/grdMulta.asp?NossoNumero=99999999560584
2022-10-13 23:02:15,659 - WARNING - erro do regex do placa - https://www2.detran.rn.gov.br/SharedASP/grdMulta.asp?NossoNumero=99999999560571
2022-10-13 23:02:28,768 - WARNING - erro do regex do placa - https://www2.detran.rn.gov.br/SharedASP/grdMulta.asp?NossoNumero=99999999560523
2022-10-13 23:02:43,164 - WARNING - erro do regex do placa - https://www2.detran.rn.gov.br/SharedASP/grdMulta.asp?NossoNumero=99999999560474
2022-10-13 23:02:55,807 - WARNING - erro do regex do placa - https://www2.detran.rn.gov.br/SharedASP/grdMulta.asp?NossoNumero=99999999560431
2022-10-13 23:02:56,168 - WARNING - erro do regex do placa - https://www2.detran.rn.gov.br/SharedASP/grdMulta.asp?NossoNumero=99999999560430
2022-10-13 23:02:56,467 - WARNING - erro do regex do placa - https://www2.detran.rn.gov.br/SharedASP/grdMulta.asp?NossoNumero=99999999560429
2022-10-13 23:03:00,587 - WARNING - erro do regex do placa - https://www2.detran.rn.gov.br/SharedASP/grdMulta.asp?NossoNumero=99999999560415
2022-10-13 23:03:02,427 - WARNING - erro do regex do placa - https://www2.detran.rn.gov.br/SharedASP/grdMulta.asp?NossoNumero=99999999560408
2022-10-13 23:03:14,241 - WARNING - erro do regex do placa - https://www2.detran.rn.gov.br/SharedASP/grdMulta.asp?NossoNumero=99999999560366
2022-10-13 23:03:20,491 - WARNING - erro do regex do placa - https://www2.detran.rn.gov.br/SharedASP/grdMulta.asp?NossoNumero=99999999560342
2022-10-13 23:03:42,752 - WARNING - erro do regex do placa - https://www2.detran.rn.gov.br/SharedASP/grdMulta.asp?NossoNumero=99999999560265
2022-10-13 23:03:46,197 - WARNING - erro do regex do placa - https://www2.detran.rn.gov.br/SharedASP/grdMulta.asp?NossoNumero=99999999560253
2022-10-13 23:03:52,924 - WARNING - erro do regex do placa - https://www2.detran.rn.gov.br/SharedASP/grdMulta.asp?NossoNumero=99999999560231
2022-10-13 23:04:13,140 - WARNING - erro do regex do placa - https://www2.detran.rn.gov.br/SharedASP/grdMulta.asp?NossoNumero=99999999560169
2022-10-13 23:04:13,398 - WARNING - erro do regex do placa - https://www2.detran.rn.gov.br/SharedASP/grdMulta.asp?NossoNumero=99999999560168
2022-10-13 23:04:13,639 - WARNING - erro do regex do placa - https://www2.detran.rn.gov.br/SharedASP/grdMulta.asp?NossoNumero=99999999560167
2022-10-13 23:04:46,672 - WARNING - erro do regex do placa - https://www2.detran.rn.gov.br/SharedASP/grdMulta.asp?NossoNumero=99999999560061
2022-10-13 23:05:16,281 - WARNING - erro do regex do placa - https://www2.detran.rn.gov.br/SharedASP/grdMulta.asp?NossoNumero=99999999559955
2022-10-13 23:05:21,340 - WARNING - erro do regex do placa - https://www2.detran.rn.gov.br/SharedASP/grdMulta.asp?NossoNumero=99999999559939
2022-10-13 23:05:21,613 - WARNING - erro do regex do placa - https://www2.detran.rn.gov.br/SharedASP/grdMulta.asp?NossoNumero=99999999559938
2022-10-13 23:05:22,571 - WARNING - erro do regex do placa - https://www2.detran.rn.gov.br/SharedASP/grdMulta.asp?NossoNumero=99999999559935
2022-10-13 23:05:22,929 - WARNING - erro do regex do placa - https://www2.detran.rn.gov.br/SharedASP/grdMulta.asp?NossoNumero=99999999559934
2022-10-13 23:05:24,107 - WARNING - erro do regex do placa - https://www2.detran.rn.gov.br/SharedASP/grdMulta.asp?NossoNumero=99999999559930
2022-10-13 23:05:38,509 - WARNING - erro do regex do placa - https://www2.detran.rn.gov.br/SharedASP/grdMulta.asp?NossoNumero=99999999559879
2022-10-13 23:05:48,888 - WARNING - erro do regex do placa - https://www2.detran.rn.gov.br/SharedASP/grdMulta.asp?NossoNumero=99999999559843
2022-10-13 23:06:38,174 - WARNING - erro do regex do placa - https://www2.detran.rn.gov.br/SharedASP/grdMulta.asp?NossoNumero=99999999559706
2022-10-13 23:06:55,960 - WARNING - erro do regex do placa - https://www2.detran.rn.gov.br/SharedASP/grdMulta.asp?NossoNumero=99999999559659
2022-10-13 23:06:57,605 - WARNING - erro do regex do placa - https://www2.detran.rn.gov.br/SharedASP/grdMulta.asp?NossoNumero=99999999559654
2022-10-13 23:07:04,252 - WARNING - erro do regex do placa - https://www2.detran.rn.gov.br/SharedASP/grdMulta.asp?NossoNumero=99999999559631
2022-10-13 23:07:14,804 - WARNING - erro do regex do placa - https://www2.detran.rn.gov.br/SharedASP/grdMulta.asp?NossoNumero=99999999559597
2022-10-13 23:07:15,373 - WARNING - erro do regex do placa - https://www2.detran.rn.gov.br/SharedASP/grdMulta.asp?NossoNumero=99999999559596
2022-10-13 23:07:42,544 - WARNING - erro do regex do placa - https://www2.detran.rn.gov.br/SharedASP/grdMulta.asp?NossoNumero=99999999559516
2022-10-13 23:08:18,141 - WARNING - erro do regex do placa - https://www2.detran.rn.gov.br/SharedASP/grdMulta.asp?NossoNumero=99999999559422
2022-10-13 23:08:49,487 - WARNING - erro do regex do placa - https://www2.detran.rn.gov.br/SharedASP/grdMulta.asp?NossoNumero=99999999559329
2022-10-13 23:08:51,007 - WARNING - erro do regex do placa - https://www2.detran.rn.gov.br/SharedASP/grdMulta.asp?NossoNumero=99999999559325
2022-10-13 23:08:51,670 - WARNING - erro do regex do placa - https://www2.detran.rn.gov.br/SharedASP/grdMulta.asp?NossoNumero=99999999559323
2022-10-13 23:08:52,741 - WARNING - erro do regex do placa - https://www2.detran.rn.gov.br/SharedASP/grdMulta.asp?NossoNumero=99999999559320
2022-10-13 23:09:07,383 - WARNING - erro do regex do placa - https://www2.detran.rn.gov.br/SharedASP/grdMulta.asp?NossoNumero=99999999559279
2022-10-13 23:09:07,710 - WARNING - erro do regex do placa - https://www2.detran.rn.gov.br/SharedASP/grdMulta.asp?NossoNumero=99999999559278
2022-10-13 23:09:08,432 - WARNING - erro do regex do placa - https://www2.detran.rn.gov.br/SharedASP/grdMulta.asp?NossoNumero=99999999559276
2022-10-13 23:09:30,029 - WARNING - erro do regex do placa - https://www2.detran.rn.gov.br/SharedASP/grdMulta.asp?NossoNumero=99999999559214
2022-10-13 23:09:36,389 - WARNING - erro do regex do placa - https://www2.detran.rn.gov.br/SharedASP/grdMulta.asp?NossoNumero=99999999559199
2022-10-13 23:09:41,828 - WARNING - erro do regex do placa - https://www2.detran.rn.gov.br/SharedASP/grdMulta.asp?NossoNumero=99999999559183
2022-10-13 23:09:53,614 - WARNING - erro do regex do placa - https://www2.detran.rn.gov.br/SharedASP/grdMulta.asp?NossoNumero=99999999559146
2022-10-13 23:10:00,024 - WARNING - erro do regex do placa - https://www2.detran.rn.gov.br/SharedASP/grdMulta.asp?NossoNumero=99999999559129
2022-10-13 23:10:01,734 - WARNING - erro do regex do placa - https://www2.detran.rn.gov.br/SharedASP/grdMulta.asp?NossoNumero=99999999559125
2022-10-13 23:10:04,245 - WARNING - erro do regex do placa - https://www2.detran.rn.gov.br/SharedASP/grdMulta.asp?NossoNumero=99999999559117
2022-10-13 23:10:05,773 - WARNING - erro do regex do placa - https://www2.detran.rn.gov.br/SharedASP/grdMulta.asp?NossoNumero=99999999559112
2022-10-13 23:10:15,826 - WARNING - erro do regex do placa - https://www2.detran.rn.gov.br/SharedASP/grdMulta.asp?NossoNumero=99999999559088
2022-10-13 23:10:17,212 - WARNING - erro do regex do placa - https://www2.detran.rn.gov.br/SharedASP/grdMulta.asp?NossoNumero=99999999559084
2022-10-13 23:10:31,556 - WARNING - erro do regex do placa - https://www2.detran.rn.gov.br/SharedASP/grdMulta.asp?NossoNumero=99999999559056
2022-10-13 23:10:31,856 - WARNING - erro do regex do placa - https://www2.detran.rn.gov.br/SharedASP/grdMulta.asp?NossoNumero=99999999559055
2022-10-13 23:10:32,151 - WARNING - erro do regex do placa - https://www2.detran.rn.gov.br/SharedASP/grdMulta.asp?NossoNumero=99999999559054
2022-10-13 23:10:40,494 - WARNING - erro do regex do placa - https://www2.detran.rn.gov.br/SharedASP/grdMulta.asp?NossoNumero=99999999559026
2022-10-13 23:10:58,399 - WARNING - erro do regex do placa - https://www2.detran.rn.gov.br/SharedASP/grdMulta.asp?NossoNumero=99999999558969
2022-10-13 23:10:58,400 - WARNING - erro do regex do modelo - https://www2.detran.rn.gov.br/SharedASP/grdMulta.asp?NossoNumero=99999999558969
2022-10-13 23:10:58,970 - WARNING - erro do regex do placa - https://www2.detran.rn.gov.br/SharedASP/grdMulta.asp?NossoNumero=99999999558967
2022-10-13 23:11:00,108 - WARNING - erro do regex do placa - https://www2.detran.rn.gov.br/SharedASP/grdMulta.asp?NossoNumero=99999999558963
2022-10-13 23:11:06,254 - WARNING - erro do regex do placa - https://www2.detran.rn.gov.br/SharedASP/grdMulta.asp?NossoNumero=99999999558941
2022-10-13 23:11:55,622 - WARNING - erro do regex do placa - https://www2.detran.rn.gov.br/SharedASP/grdMulta.asp?NossoNumero=99999999558793
2022-10-13 23:12:00,067 - WARNING - erro do regex do placa - https://www2.detran.rn.gov.br/SharedASP/grdMulta.asp?NossoNumero=99999999558783
2022-10-13 23:12:06,425 - WARNING - erro do regex do placa - https://www2.detran.rn.gov.br/SharedASP/grdMulta.asp?NossoNumero=99999999558765
2022-10-13 23:12:09,282 - WARNING - erro do regex do placa - https://www2.detran.rn.gov.br/SharedASP/grdMulta.asp?NossoNumero=99999999558757
2022-10-13 23:12:09,624 - WARNING - erro do regex do placa - https://www2.detran.rn.gov.br/SharedASP/grdMulta.asp?NossoNumero=99999999558756
2022-10-13 23:12:09,907 - WARNING - erro do regex do placa - https://www2.detran.rn.gov.br/SharedASP/grdMulta.asp?NossoNumero=99999999558755
2022-10-13 23:12:17,221 - WARNING - erro do regex do placa - https://www2.detran.rn.gov.br/SharedASP/grdMulta.asp?NossoNumero=99999999558733
2022-10-13 23:12:26,485 - WARNING - erro do regex do placa - https://www2.detran.rn.gov.br/SharedASP/grdMulta.asp?NossoNumero=99999999558715
2022-10-13 23:12:26,899 - WARNING - erro do regex do placa - https://www2.detran.rn.gov.br/SharedASP/grdMulta.asp?NossoNumero=99999999558714
2022-10-13 23:12:58,441 - WARNING - erro do regex do placa - https://www2.detran.rn.gov.br/SharedASP/grdMulta.asp?NossoNumero=99999999558635
2022-10-13 23:13:13,532 - WARNING - erro do regex do placa - https://www2.detran.rn.gov.br/SharedASP/grdMulta.asp?NossoNumero=99999999558588
2022-10-13 23:13:47,926 - WARNING - erro do regex do placa - https://www2.detran.rn.gov.br/SharedASP/grdMulta.asp?NossoNumero=99999999558483
2022-10-13 23:13:48,201 - WARNING - erro do regex do placa - https://www2.detran.rn.gov.br/SharedASP/grdMulta.asp?NossoNumero=99999999558482
2022-10-13 23:14:00,662 - WARNING - erro do regex do placa - https://www2.detran.rn.gov.br/SharedASP/grdMulta.asp?NossoNumero=99999999558445
2022-10-13 23:14:02,500 - WARNING - erro do regex do placa - https://www2.detran.rn.gov.br/SharedASP/grdMulta.asp?NossoNumero=99999999558439
2022-10-13 23:14:02,754 - WARNING - erro do regex do placa - https://www2.detran.rn.gov.br/SharedASP/grdMulta.asp?NossoNumero=99999999558438
2022-10-13 23:14:15,666 - WARNING - erro do regex do placa - https://www2.detran.rn.gov.br/SharedASP/grdMulta.asp?NossoNumero=99999999558396
2022-10-13 23:14:17,672 - WARNING - erro do regex do placa - https://www2.detran.rn.gov.br/SharedASP/grdMulta.asp?NossoNumero=99999999558389
2022-10-13 23:14:38,614 - WARNING - erro do regex do placa - https://www2.detran.rn.gov.br/SharedASP/grdMulta.asp?NossoNumero=99999999558315
2022-10-13 23:14:38,877 - WARNING - erro do regex do placa - https://www2.detran.rn.gov.br/SharedASP/grdMulta.asp?NossoNumero=99999999558314
2022-10-13 23:14:52,699 - WARNING - erro do regex do placa - https://www2.detran.rn.gov.br/SharedASP/grdMulta.asp?NossoNumero=99999999558265
2022-10-13 23:14:57,847 - WARNING - erro do regex do placa - https://www2.detran.rn.gov.br/SharedASP/grdMulta.asp?NossoNumero=99999999558247
2022-10-13 23:15:24,499 - WARNING - erro do regex do placa - https://www2.detran.rn.gov.br/SharedASP/grdMulta.asp?NossoNumero=99999999558163
2022-10-13 23:15:27,413 - WARNING - erro do regex do placa - https://www2.detran.rn.gov.br/SharedASP/grdMulta.asp?NossoNumero=99999999558153
2022-10-13 23:15:27,701 - WARNING - erro do regex do placa - https://www2.detran.rn.gov.br/SharedASP/grdMulta.asp?NossoNumero=99999999558152
2022-10-13 23:15:47,445 - WARNING - erro do regex do placa - https://www2.detran.rn.gov.br/SharedASP/grdMulta.asp?NossoNumero=99999999558085
2022-10-13 23:16:20,268 - WARNING - erro do regex do placa - https://www2.detran.rn.gov.br/SharedASP/grdMulta.asp?NossoNumero=99999999557980
2022-10-13 23:16:21,687 - WARNING - erro do regex do placa - https://www2.detran.rn.gov.br/SharedASP/grdMulta.asp?NossoNumero=99999999557975
2022-10-13 23:16:32,573 - WARNING - erro do regex do placa - https://www2.detran.rn.gov.br/SharedASP/grdMulta.asp?NossoNumero=99999999557938
2022-10-13 23:16:37,345 - WARNING - erro do regex do placa - https://www2.detran.rn.gov.br/SharedASP/grdMulta.asp?NossoNumero=99999999557922
2022-10-13 23:16:37,637 - WARNING - erro do regex do placa - https://www2.detran.rn.gov.br/SharedASP/grdMulta.asp?NossoNumero=99999999557921
2022-10-13 23:16:51,895 - WARNING - erro do regex do placa - https://www2.detran.rn.gov.br/SharedASP/grdMulta.asp?NossoNumero=99999999557877
2022-10-13 23:17:36,730 - WARNING - erro do regex do placa - https://www2.detran.rn.gov.br/SharedASP/grdMulta.asp?NossoNumero=99999999557721
2022-10-13 23:17:43,529 - WARNING - erro do regex do placa - https://www2.detran.rn.gov.br/SharedASP/grdMulta.asp?NossoNumero=99999999557696
2022-10-13 23:17:49,780 - WARNING - erro do regex do placa - https://www2.detran.rn.gov.br/SharedASP/grdMulta.asp?NossoNumero=99999999557674
2022-10-13 23:18:20,369 - WARNING - erro do regex do placa - https://www2.detran.rn.gov.br/SharedASP/grdMulta.asp?NossoNumero=99999999557601
2022-10-13 23:18:30,225 - WARNING - erro do regex do placa - https://www2.detran.rn.gov.br/SharedASP/grdMulta.asp?NossoNumero=99999999557568
2022-10-13 23:18:59,106 - WARNING - erro do regex do placa - https://www2.detran.rn.gov.br/SharedASP/grdMulta.asp?NossoNumero=99999999557481
2022-10-13 23:19:00,096 - WARNING - erro do regex do placa - https://www2.detran.rn.gov.br/SharedASP/grdMulta.asp?NossoNumero=99999999557478
2022-10-13 23:19:31,840 - WARNING - erro do regex do placa - https://www2.detran.rn.gov.br/SharedASP/grdMulta.asp?NossoNumero=99999999557370
2022-10-13 23:19:32,374 - WARNING - erro do regex do placa - https://www2.detran.rn.gov.br/SharedASP/grdMulta.asp?NossoNumero=99999999557369
2022-10-13 23:20:51,905 - WARNING - erro do regex do placa - https://www2.detran.rn.gov.br/SharedASP/grdMulta.asp?NossoNumero=99999999557101
2022-10-13 23:20:59,540 - WARNING - erro do regex do placa - https://www2.detran.rn.gov.br/SharedASP/grdMulta.asp?NossoNumero=99999999557076
